23:29:47 **** Incremental Build of configuration Debug for project Project_3 ****
make all 
Invoking: Print Size
avr-size --format=avr --mcu=atmega32 Project_3.elf
AVR Memory Usage
----------------
Device: atmega32

Program:   10048 bytes (30.7% Full)
(.text + .data + .bootloader)

Data:        288 bytes (14.1% Full)
(.data + .bss + .noinit)


Finished building: sizedummy
 
23:32:11 **** Incremental Build of configuration Debug for project Project_3 ****
make all 
Building file: ../proj_main.c
Invoking: AVR Compiler
avr-gcc -Wall -g2 -gstabs -O0 -fpack-struct -fshort-enums -ffunction-sections -fdata-sections -std=gnu99 -funsigned-char -funsigned-bitfields -mmcu=atmega32 -DF_CPU=16000000UL -MMD -MP -MF"proj_main.d" -MT"proj_main.o" -c -o "proj_main.o" "../proj_main.c"
In file included from ../proj_main.c:7:
c:/winavr-20100110/lib/gcc/../../avr/include/util/delay.h:90:3: warning: #warning "Compiler optimizations disabled; functions from <util/delay.h> won't work as designed"
../proj_main.c: In function 'temp_lcd_display':
../proj_main.c:40: warning: assignment makes pointer from integer without a cast
../proj_main.c:43: warning: passing argument 1 of 'LCD_intgerToString' makes integer from pointer without a cast
../proj_main.c: In function 'main':
../proj_main.c:48: warning: unused variable 'temp'
Finished building: ../proj_main.c
 
Building target: Project_3.elf
Invoking: AVR C Linker
avr-gcc -Wl,-Map,Project_3.map -mmcu=atmega32 -o "Project_3.elf"  ./adc.o ./buzzer.o ./dc_motor.o ./flame_sensor.o ./gpio.o ./lcd.o ./ldr_sensor.o ./led.o ./lm35_sensor.o ./proj_main.o ./pwm.o   
Finished building target: Project_3.elf
 
Invoking: AVR Create Extended Listing
avr-objdump -h -S Project_3.elf  >"Project_3.lss"
Finished building: Project_3.lss
 
Invoking: Print Size
avr-size --format=avr --mcu=atmega32 Project_3.elf
AVR Memory Usage
----------------
Device: atmega32

Program:   10076 bytes (30.7% Full)
(.text + .data + .bootloader)

Data:        288 bytes (14.1% Full)
(.data + .bss + .noinit)


Finished building: sizedummy
 
23:35:13 **** Incremental Build of configuration Debug for project Project_3 ****
make all 
Building file: ../proj_main.c
Invoking: AVR Compiler
avr-gcc -Wall -g2 -gstabs -O0 -fpack-struct -fshort-enums -ffunction-sections -fdata-sections -std=gnu99 -funsigned-char -funsigned-bitfields -mmcu=atmega32 -DF_CPU=16000000UL -MMD -MP -MF"proj_main.d" -MT"proj_main.o" -c -o "proj_main.o" "../proj_main.c"
In file included from ../proj_main.c:7:
c:/winavr-20100110/lib/gcc/../../avr/include/util/delay.h:90:3: warning: #warning "Compiler optimizations disabled; functions from <util/delay.h> won't work as designed"
Finished building: ../proj_main.c
 
Building target: Project_3.elf
Invoking: AVR C Linker
avr-gcc -Wl,-Map,Project_3.map -mmcu=atmega32 -o "Project_3.elf"  ./adc.o ./buzzer.o ./dc_motor.o ./flame_sensor.o ./gpio.o ./lcd.o ./ldr_sensor.o ./led.o ./lm35_sensor.o ./proj_main.o ./pwm.o   
Finished building target: Project_3.elf
 
Invoking: AVR Create Extended Listing
avr-objdump -h -S Project_3.elf  >"Project_3.lss"
Finished building: Project_3.lss
 
Invoking: Print Size
avr-size --format=avr --mcu=atmega32 Project_3.elf
AVR Memory Usage
----------------
Device: atmega32

Program:   10110 bytes (30.9% Full)
(.text + .data + .bootloader)

Data:        289 bytes (14.1% Full)
(.data + .bss + .noinit)


Finished building: sizedummy
 
23:36:57 **** Incremental Build of configuration Debug for project Project_3 ****
make all 
Building file: ../proj_main.c
Invoking: AVR Compiler
avr-gcc -Wall -g2 -gstabs -O0 -fpack-struct -fshort-enums -ffunction-sections -fdata-sections -std=gnu99 -funsigned-char -funsigned-bitfields -mmcu=atmega32 -DF_CPU=16000000UL -MMD -MP -MF"proj_main.d" -MT"proj_main.o" -c -o "proj_main.o" "../proj_main.c"
In file included from ../proj_main.c:7:
c:/winavr-20100110/lib/gcc/../../avr/include/util/delay.h:90:3: warning: #warning "Compiler optimizations disabled; functions from <util/delay.h> won't work as designed"
Finished building: ../proj_main.c
 
Building target: Project_3.elf
Invoking: AVR C Linker
avr-gcc -Wl,-Map,Project_3.map -mmcu=atmega32 -o "Project_3.elf"  ./adc.o ./buzzer.o ./dc_motor.o ./flame_sensor.o ./gpio.o ./lcd.o ./ldr_sensor.o ./led.o ./lm35_sensor.o ./proj_main.o ./pwm.o   
Finished building target: Project_3.elf
 
Invoking: AVR Create Extended Listing
avr-objdump -h -S Project_3.elf  >"Project_3.lss"
Finished building: Project_3.lss
 
Invoking: Print Size
avr-size --format=avr --mcu=atmega32 Project_3.elf
AVR Memory Usage
----------------
Device: atmega32

Program:   10114 bytes (30.9% Full)
(.text + .data + .bootloader)

Data:        289 bytes (14.1% Full)
(.data + .bss + .noinit)


Finished building: sizedummy
 
23:40:21 **** Incremental Build of configuration Debug for project Project_3 ****
make all 
Building file: ../proj_main.c
Invoking: AVR Compiler
avr-gcc -Wall -g2 -gstabs -O0 -fpack-struct -fshort-enums -ffunction-sections -fdata-sections -std=gnu99 -funsigned-char -funsigned-bitfields -mmcu=atmega32 -DF_CPU=16000000UL -MMD -MP -MF"proj_main.d" -MT"proj_main.o" -c -o "proj_main.o" "../proj_main.c"
In file included from ../proj_main.c:7:
c:/winavr-20100110/lib/gcc/../../avr/include/util/delay.h:90:3: warning: #warning "Compiler optimizations disabled; functions from <util/delay.h> won't work as designed"
Finished building: ../proj_main.c
 
Building target: Project_3.elf
Invoking: AVR C Linker
avr-gcc -Wl,-Map,Project_3.map -mmcu=atmega32 -o "Project_3.elf"  ./adc.o ./buzzer.o ./dc_motor.o ./flame_sensor.o ./gpio.o ./lcd.o ./ldr_sensor.o ./led.o ./lm35_sensor.o ./proj_main.o ./pwm.o   
Finished building target: Project_3.elf
 
Invoking: AVR Create Extended Listing
avr-objdump -h -S Project_3.elf  >"Project_3.lss"
Finished building: Project_3.lss
 
Invoking: Print Size
avr-size --format=avr --mcu=atmega32 Project_3.elf
AVR Memory Usage
----------------
Device: atmega32

Program:   10122 bytes (30.9% Full)
(.text + .data + .bootloader)

Data:        289 bytes (14.1% Full)
(.data + .bss + .noinit)


Finished building: sizedummy
 
23:40:51 **** Incremental Build of configuration Debug for project Project_3 ****
make all 
Building file: ../proj_main.c
Invoking: AVR Compiler
avr-gcc -Wall -g2 -gstabs -O0 -fpack-struct -fshort-enums -ffunction-sections -fdata-sections -std=gnu99 -funsigned-char -funsigned-bitfields -mmcu=atmega32 -DF_CPU=16000000UL -MMD -MP -MF"proj_main.d" -MT"proj_main.o" -c -o "proj_main.o" "../proj_main.c"
In file included from ../proj_main.c:7:
c:/winavr-20100110/lib/gcc/../../avr/include/util/delay.h:90:3: warning: #warning "Compiler optimizations disabled; functions from <util/delay.h> won't work as designed"
Finished building: ../proj_main.c
 
Building target: Project_3.elf
Invoking: AVR C Linker
avr-gcc -Wl,-Map,Project_3.map -mmcu=atmega32 -o "Project_3.elf"  ./adc.o ./buzzer.o ./dc_motor.o ./flame_sensor.o ./gpio.o ./lcd.o ./ldr_sensor.o ./led.o ./lm35_sensor.o ./proj_main.o ./pwm.o   
Finished building target: Project_3.elf
 
Invoking: AVR Create Extended Listing
avr-objdump -h -S Project_3.elf  >"Project_3.lss"
Finished building: Project_3.lss
 
Invoking: Print Size
avr-size --format=avr --mcu=atmega32 Project_3.elf
AVR Memory Usage
----------------
Device: atmega32

Program:   10120 bytes (30.9% Full)
(.text + .data + .bootloader)

Data:        289 bytes (14.1% Full)
(.data + .bss + .noinit)


Finished building: sizedummy
 
23:41:57 **** Incremental Build of configuration Debug for project Project_3 ****
make all 
Building file: ../proj_main.c
Invoking: AVR Compiler
avr-gcc -Wall -g2 -gstabs -O0 -fpack-struct -fshort-enums -ffunction-sections -fdata-sections -std=gnu99 -funsigned-char -funsigned-bitfields -mmcu=atmega32 -DF_CPU=16000000UL -MMD -MP -MF"proj_main.d" -MT"proj_main.o" -c -o "proj_main.o" "../proj_main.c"
In file included from ../proj_main.c:7:
c:/winavr-20100110/lib/gcc/../../avr/include/util/delay.h:90:3: warning: #warning "Compiler optimizations disabled; functions from <util/delay.h> won't work as designed"
Finished building: ../proj_main.c
 
Building target: Project_3.elf
Invoking: AVR C Linker
avr-gcc -Wl,-Map,Project_3.map -mmcu=atmega32 -o "Project_3.elf"  ./adc.o ./buzzer.o ./dc_motor.o ./flame_sensor.o ./gpio.o ./lcd.o ./ldr_sensor.o ./led.o ./lm35_sensor.o ./proj_main.o ./pwm.o   
Finished building target: Project_3.elf
 
Invoking: AVR Create Extended Listing
avr-objdump -h -S Project_3.elf  >"Project_3.lss"
Finished building: Project_3.lss
 
Invoking: Print Size
avr-size --format=avr --mcu=atmega32 Project_3.elf
AVR Memory Usage
----------------
Device: atmega32

Program:   10126 bytes (30.9% Full)
(.text + .data + .bootloader)

Data:        289 bytes (14.1% Full)
(.data + .bss + .noinit)


Finished building: sizedummy
 
23:42:42 **** Incremental Build of configuration Debug for project Project_3 ****
make all 
Building file: ../proj_main.c
Invoking: AVR Compiler
avr-gcc -Wall -g2 -gstabs -O0 -fpack-struct -fshort-enums -ffunction-sections -fdata-sections -std=gnu99 -funsigned-char -funsigned-bitfields -mmcu=atmega32 -DF_CPU=16000000UL -MMD -MP -MF"proj_main.d" -MT"proj_main.o" -c -o "proj_main.o" "../proj_main.c"
In file included from ../proj_main.c:7:
c:/winavr-20100110/lib/gcc/../../avr/include/util/delay.h:90:3: warning: #warning "Compiler optimizations disabled; functions from <util/delay.h> won't work as designed"
../proj_main.c:36:24: warning: multi-character character constant
../proj_main.c: In function 'lcd_display':
../proj_main.c:36: warning: large integer implicitly truncated to unsigned type
Finished building: ../proj_main.c
 
Building target: Project_3.elf
Invoking: AVR C Linker
avr-gcc -Wl,-Map,Project_3.map -mmcu=atmega32 -o "Project_3.elf"  ./adc.o ./buzzer.o ./dc_motor.o ./flame_sensor.o ./gpio.o ./lcd.o ./ldr_sensor.o ./led.o ./lm35_sensor.o ./proj_main.o ./pwm.o   
Finished building target: Project_3.elf
 
Invoking: AVR Create Extended Listing
avr-objdump -h -S Project_3.elf  >"Project_3.lss"
Finished building: Project_3.lss
 
Invoking: Print Size
avr-size --format=avr --mcu=atmega32 Project_3.elf
AVR Memory Usage
----------------
Device: atmega32

Program:   10126 bytes (30.9% Full)
(.text + .data + .bootloader)

Data:        289 bytes (14.1% Full)
(.data + .bss + .noinit)


Finished building: sizedummy
 
23:43:26 **** Incremental Build of configuration Debug for project Project_3 ****
make all 
Building file: ../proj_main.c
Invoking: AVR Compiler
avr-gcc -Wall -g2 -gstabs -O0 -fpack-struct -fshort-enums -ffunction-sections -fdata-sections -std=gnu99 -funsigned-char -funsigned-bitfields -mmcu=atmega32 -DF_CPU=16000000UL -MMD -MP -MF"proj_main.d" -MT"proj_main.o" -c -o "proj_main.o" "../proj_main.c"
In file included from ../proj_main.c:7:
c:/winavr-20100110/lib/gcc/../../avr/include/util/delay.h:90:3: warning: #warning "Compiler optimizations disabled; functions from <util/delay.h> won't work as designed"
Finished building: ../proj_main.c
 
Building target: Project_3.elf
Invoking: AVR C Linker
avr-gcc -Wl,-Map,Project_3.map -mmcu=atmega32 -o "Project_3.elf"  ./adc.o ./buzzer.o ./dc_motor.o ./flame_sensor.o ./gpio.o ./lcd.o ./ldr_sensor.o ./led.o ./lm35_sensor.o ./proj_main.o ./pwm.o   
Finished building target: Project_3.elf
 
Invoking: AVR Create Extended Listing
avr-objdump -h -S Project_3.elf  >"Project_3.lss"
Finished building: Project_3.lss
 
Invoking: Print Size
avr-size --format=avr --mcu=atmega32 Project_3.elf
AVR Memory Usage
----------------
Device: atmega32

Program:   10132 bytes (30.9% Full)
(.text + .data + .bootloader)

Data:        289 bytes (14.1% Full)
(.data + .bss + .noinit)


Finished building: sizedummy
 
23:44:30 **** Incremental Build of configuration Debug for project Project_3 ****
make all 
Building file: ../proj_main.c
Invoking: AVR Compiler
avr-gcc -Wall -g2 -gstabs -O0 -fpack-struct -fshort-enums -ffunction-sections -fdata-sections -std=gnu99 -funsigned-char -funsigned-bitfields -mmcu=atmega32 -DF_CPU=16000000UL -MMD -MP -MF"proj_main.d" -MT"proj_main.o" -c -o "proj_main.o" "../proj_main.c"
In file included from ../proj_main.c:7:
c:/winavr-20100110/lib/gcc/../../avr/include/util/delay.h:90:3: warning: #warning "Compiler optimizations disabled; functions from <util/delay.h> won't work as designed"
Finished building: ../proj_main.c
 
Building target: Project_3.elf
Invoking: AVR C Linker
avr-gcc -Wl,-Map,Project_3.map -mmcu=atmega32 -o "Project_3.elf"  ./adc.o ./buzzer.o ./dc_motor.o ./flame_sensor.o ./gpio.o ./lcd.o ./ldr_sensor.o ./led.o ./lm35_sensor.o ./proj_main.o ./pwm.o   
Finished building target: Project_3.elf
 
Invoking: AVR Create Extended Listing
avr-objdump -h -S Project_3.elf  >"Project_3.lss"
Finished building: Project_3.lss
 
Invoking: Print Size
avr-size --format=avr --mcu=atmega32 Project_3.elf
AVR Memory Usage
----------------
Device: atmega32

Program:   10132 bytes (30.9% Full)
(.text + .data + .bootloader)

Data:        289 bytes (14.1% Full)
(.data + .bss + .noinit)


Finished building: sizedummy
 
23:46:38 **** Incremental Build of configuration Debug for project Project_3 ****
make all 
Building file: ../proj_main.c
Invoking: AVR Compiler
avr-gcc -Wall -g2 -gstabs -O0 -fpack-struct -fshort-enums -ffunction-sections -fdata-sections -std=gnu99 -funsigned-char -funsigned-bitfields -mmcu=atmega32 -DF_CPU=16000000UL -MMD -MP -MF"proj_main.d" -MT"proj_main.o" -c -o "proj_main.o" "../proj_main.c"
In file included from ../proj_main.c:7:
c:/winavr-20100110/lib/gcc/../../avr/include/util/delay.h:90:3: warning: #warning "Compiler optimizations disabled; functions from <util/delay.h> won't work as designed"
Finished building: ../proj_main.c
 
Building target: Project_3.elf
Invoking: AVR C Linker
avr-gcc -Wl,-Map,Project_3.map -mmcu=atmega32 -o "Project_3.elf"  ./adc.o ./buzzer.o ./dc_motor.o ./flame_sensor.o ./gpio.o ./lcd.o ./ldr_sensor.o ./led.o ./lm35_sensor.o ./proj_main.o ./pwm.o   
Finished building target: Project_3.elf
 
Invoking: AVR Create Extended Listing
avr-objdump -h -S Project_3.elf  >"Project_3.lss"
Finished building: Project_3.lss
 
Invoking: Print Size
avr-size --format=avr --mcu=atmega32 Project_3.elf
AVR Memory Usage
----------------
Device: atmega32

Program:   10126 bytes (30.9% Full)
(.text + .data + .bootloader)

Data:        289 bytes (14.1% Full)
(.data + .bss + .noinit)


Finished building: sizedummy
 
23:48:53 **** Incremental Build of configuration Debug for project Project_3 ****
make all 
Building file: ../proj_main.c
Invoking: AVR Compiler
avr-gcc -Wall -g2 -gstabs -O0 -fpack-struct -fshort-enums -ffunction-sections -fdata-sections -std=gnu99 -funsigned-char -funsigned-bitfields -mmcu=atmega32 -DF_CPU=16000000UL -MMD -MP -MF"proj_main.d" -MT"proj_main.o" -c -o "proj_main.o" "../proj_main.c"
In file included from ../proj_main.c:7:
c:/winavr-20100110/lib/gcc/../../avr/include/util/delay.h:90:3: warning: #warning "Compiler optimizations disabled; functions from <util/delay.h> won't work as designed"
Finished building: ../proj_main.c
 
Building target: Project_3.elf
Invoking: AVR C Linker
avr-gcc -Wl,-Map,Project_3.map -mmcu=atmega32 -o "Project_3.elf"  ./adc.o ./buzzer.o ./dc_motor.o ./flame_sensor.o ./gpio.o ./lcd.o ./ldr_sensor.o ./led.o ./lm35_sensor.o ./proj_main.o ./pwm.o   
Finished building target: Project_3.elf
 
Invoking: AVR Create Extended Listing
avr-objdump -h -S Project_3.elf  >"Project_3.lss"
Finished building: Project_3.lss
 
Invoking: Print Size
avr-size --format=avr --mcu=atmega32 Project_3.elf
AVR Memory Usage
----------------
Device: atmega32

Program:   10126 bytes (30.9% Full)
(.text + .data + .bootloader)

Data:        289 bytes (14.1% Full)
(.data + .bss + .noinit)


Finished building: sizedummy
 
23:50:28 **** Incremental Build of configuration Debug for project Project_3 ****
make all 
Building file: ../proj_main.c
Invoking: AVR Compiler
avr-gcc -Wall -g2 -gstabs -O0 -fpack-struct -fshort-enums -ffunction-sections -fdata-sections -std=gnu99 -funsigned-char -funsigned-bitfields -mmcu=atmega32 -DF_CPU=16000000UL -MMD -MP -MF"proj_main.d" -MT"proj_main.o" -c -o "proj_main.o" "../proj_main.c"
In file included from ../proj_main.c:7:
c:/winavr-20100110/lib/gcc/../../avr/include/util/delay.h:90:3: warning: #warning "Compiler optimizations disabled; functions from <util/delay.h> won't work as designed"
Finished building: ../proj_main.c
 
Building target: Project_3.elf
Invoking: AVR C Linker
avr-gcc -Wl,-Map,Project_3.map -mmcu=atmega32 -o "Project_3.elf"  ./adc.o ./buzzer.o ./dc_motor.o ./flame_sensor.o ./gpio.o ./lcd.o ./ldr_sensor.o ./led.o ./lm35_sensor.o ./proj_main.o ./pwm.o   
Finished building target: Project_3.elf
 
Invoking: AVR Create Extended Listing
avr-objdump -h -S Project_3.elf  >"Project_3.lss"
Finished building: Project_3.lss
 
Invoking: Print Size
avr-size --format=avr --mcu=atmega32 Project_3.elf
AVR Memory Usage
----------------
Device: atmega32

Program:   10126 bytes (30.9% Full)
(.text + .data + .bootloader)

Data:        289 bytes (14.1% Full)
(.data + .bss + .noinit)


Finished building: sizedummy
 
23:51:56 **** Incremental Build of configuration Debug for project Project_3 ****
make all 
Building file: ../proj_main.c
Invoking: AVR Compiler
avr-gcc -Wall -g2 -gstabs -O0 -fpack-struct -fshort-enums -ffunction-sections -fdata-sections -std=gnu99 -funsigned-char -funsigned-bitfields -mmcu=atmega32 -DF_CPU=16000000UL -MMD -MP -MF"proj_main.d" -MT"proj_main.o" -c -o "proj_main.o" "../proj_main.c"
In file included from ../proj_main.c:7:
c:/winavr-20100110/lib/gcc/../../avr/include/util/delay.h:90:3: warning: #warning "Compiler optimizations disabled; functions from <util/delay.h> won't work as designed"
Finished building: ../proj_main.c
 
Building target: Project_3.elf
Invoking: AVR C Linker
avr-gcc -Wl,-Map,Project_3.map -mmcu=atmega32 -o "Project_3.elf"  ./adc.o ./buzzer.o ./dc_motor.o ./flame_sensor.o ./gpio.o ./lcd.o ./ldr_sensor.o ./led.o ./lm35_sensor.o ./proj_main.o ./pwm.o   
Finished building target: Project_3.elf
 
Invoking: AVR Create Extended Listing
avr-objdump -h -S Project_3.elf  >"Project_3.lss"
Finished building: Project_3.lss
 
Invoking: Print Size
avr-size --format=avr --mcu=atmega32 Project_3.elf
AVR Memory Usage
----------------
Device: atmega32

Program:   10162 bytes (31.0% Full)
(.text + .data + .bootloader)

Data:        301 bytes (14.7% Full)
(.data + .bss + .noinit)


Finished building: sizedummy
 
23:52:38 **** Incremental Build of configuration Debug for project Project_3 ****
make all 
Building file: ../proj_main.c
Invoking: AVR Compiler
avr-gcc -Wall -g2 -gstabs -O0 -fpack-struct -fshort-enums -ffunction-sections -fdata-sections -std=gnu99 -funsigned-char -funsigned-bitfields -mmcu=atmega32 -DF_CPU=16000000UL -MMD -MP -MF"proj_main.d" -MT"proj_main.o" -c -o "proj_main.o" "../proj_main.c"
In file included from ../proj_main.c:7:
c:/winavr-20100110/lib/gcc/../../avr/include/util/delay.h:90:3: warning: #warning "Compiler optimizations disabled; functions from <util/delay.h> won't work as designed"
Finished building: ../proj_main.c
 
Building target: Project_3.elf
Invoking: AVR C Linker
avr-gcc -Wl,-Map,Project_3.map -mmcu=atmega32 -o "Project_3.elf"  ./adc.o ./buzzer.o ./dc_motor.o ./flame_sensor.o ./gpio.o ./lcd.o ./ldr_sensor.o ./led.o ./lm35_sensor.o ./proj_main.o ./pwm.o   
Finished building target: Project_3.elf
 
Invoking: AVR Create Extended Listing
avr-objdump -h -S Project_3.elf  >"Project_3.lss"
Finished building: Project_3.lss
 
Invoking: Print Size
avr-size --format=avr --mcu=atmega32 Project_3.elf
AVR Memory Usage
----------------
Device: atmega32

Program:   10162 bytes (31.0% Full)
(.text + .data + .bootloader)

Data:        301 bytes (14.7% Full)
(.data + .bss + .noinit)


Finished building: sizedummy
 
23:53:04 **** Incremental Build of configuration Debug for project Project_3 ****
make all 
Building file: ../proj_main.c
Invoking: AVR Compiler
avr-gcc -Wall -g2 -gstabs -O0 -fpack-struct -fshort-enums -ffunction-sections -fdata-sections -std=gnu99 -funsigned-char -funsigned-bitfields -mmcu=atmega32 -DF_CPU=16000000UL -MMD -MP -MF"proj_main.d" -MT"proj_main.o" -c -o "proj_main.o" "../proj_main.c"
In file included from ../proj_main.c:7:
c:/winavr-20100110/lib/gcc/../../avr/include/util/delay.h:90:3: warning: #warning "Compiler optimizations disabled; functions from <util/delay.h> won't work as designed"
Finished building: ../proj_main.c
 
Building target: Project_3.elf
Invoking: AVR C Linker
avr-gcc -Wl,-Map,Project_3.map -mmcu=atmega32 -o "Project_3.elf"  ./adc.o ./buzzer.o ./dc_motor.o ./flame_sensor.o ./gpio.o ./lcd.o ./ldr_sensor.o ./led.o ./lm35_sensor.o ./proj_main.o ./pwm.o   
Finished building target: Project_3.elf
 
Invoking: AVR Create Extended Listing
avr-objdump -h -S Project_3.elf  >"Project_3.lss"
Finished building: Project_3.lss
 
Invoking: Print Size
avr-size --format=avr --mcu=atmega32 Project_3.elf
AVR Memory Usage
----------------
Device: atmega32

Program:   10164 bytes (31.0% Full)
(.text + .data + .bootloader)

Data:        303 bytes (14.8% Full)
(.data + .bss + .noinit)


Finished building: sizedummy
 
00:01:20 **** Incremental Build of configuration Debug for project Project_3 ****
make all 
Building file: ../proj_main.c
Invoking: AVR Compiler
avr-gcc -Wall -g2 -gstabs -O0 -fpack-struct -fshort-enums -ffunction-sections -fdata-sections -std=gnu99 -funsigned-char -funsigned-bitfields -mmcu=atmega32 -DF_CPU=16000000UL -MMD -MP -MF"proj_main.d" -MT"proj_main.o" -c -o "proj_main.o" "../proj_main.c"
In file included from ../proj_main.c:7:
c:/winavr-20100110/lib/gcc/../../avr/include/util/delay.h:90:3: warning: #warning "Compiler optimizations disabled; functions from <util/delay.h> won't work as designed"
Finished building: ../proj_main.c
 
Building target: Project_3.elf
Invoking: AVR C Linker
avr-gcc -Wl,-Map,Project_3.map -mmcu=atmega32 -o "Project_3.elf"  ./adc.o ./buzzer.o ./dc_motor.o ./flame_sensor.o ./gpio.o ./lcd.o ./ldr_sensor.o ./led.o ./lm35_sensor.o ./proj_main.o ./pwm.o   
Finished building target: Project_3.elf
 
Invoking: AVR Create Extended Listing
avr-objdump -h -S Project_3.elf  >"Project_3.lss"
Finished building: Project_3.lss
 
Invoking: Print Size
avr-size --format=avr --mcu=atmega32 Project_3.elf
AVR Memory Usage
----------------
Device: atmega32

Program:   10230 bytes (31.2% Full)
(.text + .data + .bootloader)

Data:        321 bytes (15.7% Full)
(.data + .bss + .noinit)


Finished building: sizedummy
 
00:04:15 **** Incremental Build of configuration Debug for project Project_3 ****
make all 
Building file: ../proj_main.c
Invoking: AVR Compiler
avr-gcc -Wall -g2 -gstabs -O0 -fpack-struct -fshort-enums -ffunction-sections -fdata-sections -std=gnu99 -funsigned-char -funsigned-bitfields -mmcu=atmega32 -DF_CPU=16000000UL -MMD -MP -MF"proj_main.d" -MT"proj_main.o" -c -o "proj_main.o" "../proj_main.c"
In file included from ../proj_main.c:7:
c:/winavr-20100110/lib/gcc/../../avr/include/util/delay.h:90:3: warning: #warning "Compiler optimizations disabled; functions from <util/delay.h> won't work as designed"
Finished building: ../proj_main.c
 
Building target: Project_3.elf
Invoking: AVR C Linker
avr-gcc -Wl,-Map,Project_3.map -mmcu=atmega32 -o "Project_3.elf"  ./adc.o ./buzzer.o ./dc_motor.o ./flame_sensor.o ./gpio.o ./lcd.o ./ldr_sensor.o ./led.o ./lm35_sensor.o ./proj_main.o ./pwm.o   
Finished building target: Project_3.elf
 
Invoking: AVR Create Extended Listing
avr-objdump -h -S Project_3.elf  >"Project_3.lss"
Finished building: Project_3.lss
 
Invoking: Print Size
avr-size --format=avr --mcu=atmega32 Project_3.elf
AVR Memory Usage
----------------
Device: atmega32

Program:   10246 bytes (31.3% Full)
(.text + .data + .bootloader)

Data:        331 bytes (16.2% Full)
(.data + .bss + .noinit)


Finished building: sizedummy
 
00:08:25 **** Incremental Build of configuration Debug for project Project_3 ****
make all 
Building file: ../proj_main.c
Invoking: AVR Compiler
avr-gcc -Wall -g2 -gstabs -O0 -fpack-struct -fshort-enums -ffunction-sections -fdata-sections -std=gnu99 -funsigned-char -funsigned-bitfields -mmcu=atmega32 -DF_CPU=16000000UL -MMD -MP -MF"proj_main.d" -MT"proj_main.o" -c -o "proj_main.o" "../proj_main.c"
In file included from ../proj_main.c:7:
c:/winavr-20100110/lib/gcc/../../avr/include/util/delay.h:90:3: warning: #warning "Compiler optimizations disabled; functions from <util/delay.h> won't work as designed"
Finished building: ../proj_main.c
 
Building target: Project_3.elf
Invoking: AVR C Linker
avr-gcc -Wl,-Map,Project_3.map -mmcu=atmega32 -o "Project_3.elf"  ./adc.o ./buzzer.o ./dc_motor.o ./flame_sensor.o ./gpio.o ./lcd.o ./ldr_sensor.o ./led.o ./lm35_sensor.o ./proj_main.o ./pwm.o   
Finished building target: Project_3.elf
 
Invoking: AVR Create Extended Listing
avr-objdump -h -S Project_3.elf  >"Project_3.lss"
Finished building: Project_3.lss
 
Invoking: Print Size
avr-size --format=avr --mcu=atmega32 Project_3.elf
AVR Memory Usage
----------------
Device: atmega32

Program:   10258 bytes (31.3% Full)
(.text + .data + .bootloader)

Data:        331 bytes (16.2% Full)
(.data + .bss + .noinit)


Finished building: sizedummy
 
00:09:27 **** Incremental Build of configuration Debug for project Project_3 ****
make all 
Building file: ../proj_main.c
Invoking: AVR Compiler
avr-gcc -Wall -g2 -gstabs -O0 -fpack-struct -fshort-enums -ffunction-sections -fdata-sections -std=gnu99 -funsigned-char -funsigned-bitfields -mmcu=atmega32 -DF_CPU=16000000UL -MMD -MP -MF"proj_main.d" -MT"proj_main.o" -c -o "proj_main.o" "../proj_main.c"
In file included from ../proj_main.c:7:
c:/winavr-20100110/lib/gcc/../../avr/include/util/delay.h:90:3: warning: #warning "Compiler optimizations disabled; functions from <util/delay.h> won't work as designed"
Finished building: ../proj_main.c
 
Building target: Project_3.elf
Invoking: AVR C Linker
avr-gcc -Wl,-Map,Project_3.map -mmcu=atmega32 -o "Project_3.elf"  ./adc.o ./buzzer.o ./dc_motor.o ./flame_sensor.o ./gpio.o ./lcd.o ./ldr_sensor.o ./led.o ./lm35_sensor.o ./proj_main.o ./pwm.o   
Finished building target: Project_3.elf
 
Invoking: AVR Create Extended Listing
avr-objdump -h -S Project_3.elf  >"Project_3.lss"
Finished building: Project_3.lss
 
Invoking: Print Size
avr-size --format=avr --mcu=atmega32 Project_3.elf
AVR Memory Usage
----------------
Device: atmega32

Program:   10256 bytes (31.3% Full)
(.text + .data + .bootloader)

Data:        331 bytes (16.2% Full)
(.data + .bss + .noinit)


Finished building: sizedummy
 
00:10:08 **** Incremental Build of configuration Debug for project Project_3 ****
make all 
Building file: ../proj_main.c
Invoking: AVR Compiler
avr-gcc -Wall -g2 -gstabs -O0 -fpack-struct -fshort-enums -ffunction-sections -fdata-sections -std=gnu99 -funsigned-char -funsigned-bitfields -mmcu=atmega32 -DF_CPU=16000000UL -MMD -MP -MF"proj_main.d" -MT"proj_main.o" -c -o "proj_main.o" "../proj_main.c"
In file included from ../proj_main.c:7:
c:/winavr-20100110/lib/gcc/../../avr/include/util/delay.h:90:3: warning: #warning "Compiler optimizations disabled; functions from <util/delay.h> won't work as designed"
Finished building: ../proj_main.c
 
Building target: Project_3.elf
Invoking: AVR C Linker
avr-gcc -Wl,-Map,Project_3.map -mmcu=atmega32 -o "Project_3.elf"  ./adc.o ./buzzer.o ./dc_motor.o ./flame_sensor.o ./gpio.o ./lcd.o ./ldr_sensor.o ./led.o ./lm35_sensor.o ./proj_main.o ./pwm.o   
Finished building target: Project_3.elf
 
Invoking: AVR Create Extended Listing
avr-objdump -h -S Project_3.elf  >"Project_3.lss"
Finished building: Project_3.lss
 
Invoking: Print Size
avr-size --format=avr --mcu=atmega32 Project_3.elf
AVR Memory Usage
----------------
Device: atmega32

Program:   10260 bytes (31.3% Full)
(.text + .data + .bootloader)

Data:        331 bytes (16.2% Full)
(.data + .bss + .noinit)


Finished building: sizedummy
 
00:10:50 **** Incremental Build of configuration Debug for project Project_3 ****
make all 
Building file: ../proj_main.c
Invoking: AVR Compiler
avr-gcc -Wall -g2 -gstabs -O0 -fpack-struct -fshort-enums -ffunction-sections -fdata-sections -std=gnu99 -funsigned-char -funsigned-bitfields -mmcu=atmega32 -DF_CPU=16000000UL -MMD -MP -MF"proj_main.d" -MT"proj_main.o" -c -o "proj_main.o" "../proj_main.c"
In file included from ../proj_main.c:7:
c:/winavr-20100110/lib/gcc/../../avr/include/util/delay.h:90:3: warning: #warning "Compiler optimizations disabled; functions from <util/delay.h> won't work as designed"
Finished building: ../proj_main.c
 
Building target: Project_3.elf
Invoking: AVR C Linker
avr-gcc -Wl,-Map,Project_3.map -mmcu=atmega32 -o "Project_3.elf"  ./adc.o ./buzzer.o ./dc_motor.o ./flame_sensor.o ./gpio.o ./lcd.o ./ldr_sensor.o ./led.o ./lm35_sensor.o ./proj_main.o ./pwm.o   
Finished building target: Project_3.elf
 
Invoking: AVR Create Extended Listing
avr-objdump -h -S Project_3.elf  >"Project_3.lss"
Finished building: Project_3.lss
 
Invoking: Print Size
avr-size --format=avr --mcu=atmega32 Project_3.elf
AVR Memory Usage
----------------
Device: atmega32

Program:   10260 bytes (31.3% Full)
(.text + .data + .bootloader)

Data:        331 bytes (16.2% Full)
(.data + .bss + .noinit)


Finished building: sizedummy
 
00:13:28 **** Incremental Build of configuration Debug for project Project_3 ****
make all 
Building file: ../proj_main.c
Invoking: AVR Compiler
avr-gcc -Wall -g2 -gstabs -O0 -fpack-struct -fshort-enums -ffunction-sections -fdata-sections -std=gnu99 -funsigned-char -funsigned-bitfields -mmcu=atmega32 -DF_CPU=16000000UL -MMD -MP -MF"proj_main.d" -MT"proj_main.o" -c -o "proj_main.o" "../proj_main.c"
In file included from ../proj_main.c:7:
c:/winavr-20100110/lib/gcc/../../avr/include/util/delay.h:90:3: warning: #warning "Compiler optimizations disabled; functions from <util/delay.h> won't work as designed"
../proj_main.c: In function 'lcd_display':
../proj_main.c:28: warning: implicit declaration of function 'temp_lcd_display'
../proj_main.c: At top level:
../proj_main.c:48: warning: conflicting types for 'temp_lcd_display'
../proj_main.c:28: warning: previous implicit declaration of 'temp_lcd_display' was here
Finished building: ../proj_main.c
 
Building target: Project_3.elf
Invoking: AVR C Linker
avr-gcc -Wl,-Map,Project_3.map -mmcu=atmega32 -o "Project_3.elf"  ./adc.o ./buzzer.o ./dc_motor.o ./flame_sensor.o ./gpio.o ./lcd.o ./ldr_sensor.o ./led.o ./lm35_sensor.o ./proj_main.o ./pwm.o   
Finished building target: Project_3.elf
 
Invoking: AVR Create Extended Listing
avr-objdump -h -S Project_3.elf  >"Project_3.lss"
Finished building: Project_3.lss
 
Invoking: Print Size
avr-size --format=avr --mcu=atmega32 Project_3.elf
AVR Memory Usage
----------------
Device: atmega32

Program:   10260 bytes (31.3% Full)
(.text + .data + .bootloader)

Data:        331 bytes (16.2% Full)
(.data + .bss + .noinit)


Finished building: sizedummy
 
00:15:39 **** Incremental Build of configuration Debug for project Project_3 ****
make all 
Building file: ../proj_main.c
Invoking: AVR Compiler
avr-gcc -Wall -g2 -gstabs -O0 -fpack-struct -fshort-enums -ffunction-sections -fdata-sections -std=gnu99 -funsigned-char -funsigned-bitfields -mmcu=atmega32 -DF_CPU=16000000UL -MMD -MP -MF"proj_main.d" -MT"proj_main.o" -c -o "proj_main.o" "../proj_main.c"
In file included from ../proj_main.c:7:
c:/winavr-20100110/lib/gcc/../../avr/include/util/delay.h:90:3: warning: #warning "Compiler optimizations disabled; functions from <util/delay.h> won't work as designed"
Finished building: ../proj_main.c
 
Building target: Project_3.elf
Invoking: AVR C Linker
avr-gcc -Wl,-Map,Project_3.map -mmcu=atmega32 -o "Project_3.elf"  ./adc.o ./buzzer.o ./dc_motor.o ./flame_sensor.o ./gpio.o ./lcd.o ./ldr_sensor.o ./led.o ./lm35_sensor.o ./proj_main.o ./pwm.o   
Finished building target: Project_3.elf
 
Invoking: AVR Create Extended Listing
avr-objdump -h -S Project_3.elf  >"Project_3.lss"
Finished building: Project_3.lss
 
Invoking: Print Size
avr-size --format=avr --mcu=atmega32 Project_3.elf
AVR Memory Usage
----------------
Device: atmega32

Program:   10234 bytes (31.2% Full)
(.text + .data + .bootloader)

Data:        331 bytes (16.2% Full)
(.data + .bss + .noinit)


Finished building: sizedummy
 
00:18:25 **** Incremental Build of configuration Debug for project Project_3 ****
make all 
Building file: ../proj_main.c
Invoking: AVR Compiler
avr-gcc -Wall -g2 -gstabs -O0 -fpack-struct -fshort-enums -ffunction-sections -fdata-sections -std=gnu99 -funsigned-char -funsigned-bitfields -mmcu=atmega32 -DF_CPU=16000000UL -MMD -MP -MF"proj_main.d" -MT"proj_main.o" -c -o "proj_main.o" "../proj_main.c"
In file included from ../proj_main.c:7:
c:/winavr-20100110/lib/gcc/../../avr/include/util/delay.h:90:3: warning: #warning "Compiler optimizations disabled; functions from <util/delay.h> won't work as designed"
../proj_main.c: In function 'main':
../proj_main.c:73: warning: implicit declaration of function 'temp_lcd_dsiplay'
Finished building: ../proj_main.c
 
Building target: Project_3.elf
Invoking: AVR C Linker
avr-gcc -Wl,-Map,Project_3.map -mmcu=atmega32 -o "Project_3.elf"  ./adc.o ./buzzer.o ./dc_motor.o ./flame_sensor.o ./gpio.o ./lcd.o ./ldr_sensor.o ./led.o ./lm35_sensor.o ./proj_main.o ./pwm.o   
./proj_main.o: In function `lcd_display':
../proj_main.c:27: undefined reference to `temp_lcd_dsiplay'
make: *** [Project_3.elf] Error 1
"make all" terminated with exit code 2. Build might be incomplete.
00:18:49 **** Incremental Build of configuration Debug for project Project_3 ****
make all 
Building target: Project_3.elf
Invoking: AVR C Linker
avr-gcc -Wl,-Map,Project_3.map -mmcu=atmega32 -o "Project_3.elf"  ./adc.o ./buzzer.o ./dc_motor.o ./flame_sensor.o ./gpio.o ./lcd.o ./ldr_sensor.o ./led.o ./lm35_sensor.o ./proj_main.o ./pwm.o   
./proj_main.o: In function `lcd_display':
../proj_main.c:27: undefined reference to `temp_lcd_dsiplay'
make: *** [Project_3.elf] Error 1
"make all" terminated with exit code 2. Build might be incomplete.
00:18:54 **** Incremental Build of configuration Debug for project Project_3 ****
make all 
Building file: ../proj_main.c
Invoking: AVR Compiler
avr-gcc -Wall -g2 -gstabs -O0 -fpack-struct -fshort-enums -ffunction-sections -fdata-sections -std=gnu99 -funsigned-char -funsigned-bitfields -mmcu=atmega32 -DF_CPU=16000000UL -MMD -MP -MF"proj_main.d" -MT"proj_main.o" -c -o "proj_main.o" "../proj_main.c"
In file included from ../proj_main.c:7:
c:/winavr-20100110/lib/gcc/../../avr/include/util/delay.h:90:3: warning: #warning "Compiler optimizations disabled; functions from <util/delay.h> won't work as designed"
Finished building: ../proj_main.c
 
Building target: Project_3.elf
Invoking: AVR C Linker
avr-gcc -Wl,-Map,Project_3.map -mmcu=atmega32 -o "Project_3.elf"  ./adc.o ./buzzer.o ./dc_motor.o ./flame_sensor.o ./gpio.o ./lcd.o ./ldr_sensor.o ./led.o ./lm35_sensor.o ./proj_main.o ./pwm.o   
Finished building target: Project_3.elf
 
Invoking: AVR Create Extended Listing
avr-objdump -h -S Project_3.elf  >"Project_3.lss"
Finished building: Project_3.lss
 
Invoking: Print Size
avr-size --format=avr --mcu=atmega32 Project_3.elf
AVR Memory Usage
----------------
Device: atmega32

Program:   10260 bytes (31.3% Full)
(.text + .data + .bootloader)

Data:        331 bytes (16.2% Full)
(.data + .bss + .noinit)


Finished building: sizedummy
 
00:20:26 **** Incremental Build of configuration Debug for project Project_3 ****
make all 
Building file: ../proj_main.c
Invoking: AVR Compiler
avr-gcc -Wall -g2 -gstabs -O0 -fpack-struct -fshort-enums -ffunction-sections -fdata-sections -std=gnu99 -funsigned-char -funsigned-bitfields -mmcu=atmega32 -DF_CPU=16000000UL -MMD -MP -MF"proj_main.d" -MT"proj_main.o" -c -o "proj_main.o" "../proj_main.c"
In file included from ../proj_main.c:7:
c:/winavr-20100110/lib/gcc/../../avr/include/util/delay.h:90:3: warning: #warning "Compiler optimizations disabled; functions from <util/delay.h> won't work as designed"
Finished building: ../proj_main.c
 
Building target: Project_3.elf
Invoking: AVR C Linker
avr-gcc -Wl,-Map,Project_3.map -mmcu=atmega32 -o "Project_3.elf"  ./adc.o ./buzzer.o ./dc_motor.o ./flame_sensor.o ./gpio.o ./lcd.o ./ldr_sensor.o ./led.o ./lm35_sensor.o ./proj_main.o ./pwm.o   
Finished building target: Project_3.elf
 
Invoking: AVR Create Extended Listing
avr-objdump -h -S Project_3.elf  >"Project_3.lss"
Finished building: Project_3.lss
 
Invoking: Print Size
avr-size --format=avr --mcu=atmega32 Project_3.elf
AVR Memory Usage
----------------
Device: atmega32

Program:   10266 bytes (31.3% Full)
(.text + .data + .bootloader)

Data:        331 bytes (16.2% Full)
(.data + .bss + .noinit)


Finished building: sizedummy
 
00:23:17 **** Incremental Build of configuration Debug for project Project_3 ****
make all 
Building file: ../proj_main.c
Invoking: AVR Compiler
avr-gcc -Wall -g2 -gstabs -O0 -fpack-struct -fshort-enums -ffunction-sections -fdata-sections -std=gnu99 -funsigned-char -funsigned-bitfields -mmcu=atmega32 -DF_CPU=16000000UL -MMD -MP -MF"proj_main.d" -MT"proj_main.o" -c -o "proj_main.o" "../proj_main.c"
In file included from ../proj_main.c:7:
c:/winavr-20100110/lib/gcc/../../avr/include/util/delay.h:90:3: warning: #warning "Compiler optimizations disabled; functions from <util/delay.h> won't work as designed"
Finished building: ../proj_main.c
 
Building target: Project_3.elf
Invoking: AVR C Linker
avr-gcc -Wl,-Map,Project_3.map -mmcu=atmega32 -o "Project_3.elf"  ./adc.o ./buzzer.o ./dc_motor.o ./flame_sensor.o ./gpio.o ./lcd.o ./ldr_sensor.o ./led.o ./lm35_sensor.o ./proj_main.o ./pwm.o   
Finished building target: Project_3.elf
 
Invoking: AVR Create Extended Listing
avr-objdump -h -S Project_3.elf  >"Project_3.lss"
Finished building: Project_3.lss
 
Invoking: Print Size
avr-size --format=avr --mcu=atmega32 Project_3.elf
AVR Memory Usage
----------------
Device: atmega32

Program:   10262 bytes (31.3% Full)
(.text + .data + .bootloader)

Data:        331 bytes (16.2% Full)
(.data + .bss + .noinit)


Finished building: sizedummy
 
00:30:43 **** Incremental Build of configuration Debug for project Project_3 ****
make all 
Building file: ../proj_main.c
Invoking: AVR Compiler
avr-gcc -Wall -g2 -gstabs -O0 -fpack-struct -fshort-enums -ffunction-sections -fdata-sections -std=gnu99 -funsigned-char -funsigned-bitfields -mmcu=atmega32 -DF_CPU=16000000UL -MMD -MP -MF"proj_main.d" -MT"proj_main.o" -c -o "proj_main.o" "../proj_main.c"
In file included from ../proj_main.c:7:
c:/winavr-20100110/lib/gcc/../../avr/include/util/delay.h:90:3: warning: #warning "Compiler optimizations disabled; functions from <util/delay.h> won't work as designed"
Finished building: ../proj_main.c
 
Building target: Project_3.elf
Invoking: AVR C Linker
avr-gcc -Wl,-Map,Project_3.map -mmcu=atmega32 -o "Project_3.elf"  ./adc.o ./buzzer.o ./dc_motor.o ./flame_sensor.o ./gpio.o ./lcd.o ./ldr_sensor.o ./led.o ./lm35_sensor.o ./proj_main.o ./pwm.o   
Finished building target: Project_3.elf
 
Invoking: AVR Create Extended Listing
avr-objdump -h -S Project_3.elf  >"Project_3.lss"
Finished building: Project_3.lss
 
Invoking: Print Size
avr-size --format=avr --mcu=atmega32 Project_3.elf
AVR Memory Usage
----------------
Device: atmega32

Program:   10386 bytes (31.7% Full)
(.text + .data + .bootloader)

Data:        331 bytes (16.2% Full)
(.data + .bss + .noinit)


Finished building: sizedummy
 
00:36:41 **** Incremental Build of configuration Debug for project Project_3 ****
make all 
Building file: ../proj_main.c
Invoking: AVR Compiler
avr-gcc -Wall -g2 -gstabs -O0 -fpack-struct -fshort-enums -ffunction-sections -fdata-sections -std=gnu99 -funsigned-char -funsigned-bitfields -mmcu=atmega32 -DF_CPU=16000000UL -MMD -MP -MF"proj_main.d" -MT"proj_main.o" -c -o "proj_main.o" "../proj_main.c"
In file included from ../proj_main.c:7:
c:/winavr-20100110/lib/gcc/../../avr/include/util/delay.h:90:3: warning: #warning "Compiler optimizations disabled; functions from <util/delay.h> won't work as designed"
../proj_main.c:92: warning: return type defaults to 'int'
../proj_main.c: In function 'fan_speed_control':
../proj_main.c:113: warning: control reaches end of non-void function
Finished building: ../proj_main.c
 
Building target: Project_3.elf
Invoking: AVR C Linker
avr-gcc -Wl,-Map,Project_3.map -mmcu=atmega32 -o "Project_3.elf"  ./adc.o ./buzzer.o ./dc_motor.o ./flame_sensor.o ./gpio.o ./lcd.o ./ldr_sensor.o ./led.o ./lm35_sensor.o ./proj_main.o ./pwm.o   
Finished building target: Project_3.elf
 
Invoking: AVR Create Extended Listing
avr-objdump -h -S Project_3.elf  >"Project_3.lss"
Finished building: Project_3.lss
 
Invoking: Print Size
avr-size --format=avr --mcu=atmega32 Project_3.elf
AVR Memory Usage
----------------
Device: atmega32

Program:   10482 bytes (32.0% Full)
(.text + .data + .bootloader)

Data:        331 bytes (16.2% Full)
(.data + .bss + .noinit)


Finished building: sizedummy
 
00:36:54 **** Incremental Build of configuration Debug for project Project_3 ****
make all 
Building file: ../proj_main.c
Invoking: AVR Compiler
avr-gcc -Wall -g2 -gstabs -O0 -fpack-struct -fshort-enums -ffunction-sections -fdata-sections -std=gnu99 -funsigned-char -funsigned-bitfields -mmcu=atmega32 -DF_CPU=16000000UL -MMD -MP -MF"proj_main.d" -MT"proj_main.o" -c -o "proj_main.o" "../proj_main.c"
In file included from ../proj_main.c:7:
c:/winavr-20100110/lib/gcc/../../avr/include/util/delay.h:90:3: warning: #warning "Compiler optimizations disabled; functions from <util/delay.h> won't work as designed"
Finished building: ../proj_main.c
 
Building target: Project_3.elf
Invoking: AVR C Linker
avr-gcc -Wl,-Map,Project_3.map -mmcu=atmega32 -o "Project_3.elf"  ./adc.o ./buzzer.o ./dc_motor.o ./flame_sensor.o ./gpio.o ./lcd.o ./ldr_sensor.o ./led.o ./lm35_sensor.o ./proj_main.o ./pwm.o   
Finished building target: Project_3.elf
 
Invoking: AVR Create Extended Listing
avr-objdump -h -S Project_3.elf  >"Project_3.lss"
Finished building: Project_3.lss
 
Invoking: Print Size
avr-size --format=avr --mcu=atmega32 Project_3.elf
AVR Memory Usage
----------------
Device: atmega32

Program:   10476 bytes (32.0% Full)
(.text + .data + .bootloader)

Data:        331 bytes (16.2% Full)
(.data + .bss + .noinit)


Finished building: sizedummy
 
00:43:32 **** Incremental Build of configuration Debug for project Project_3 ****
make all 
Building file: ../proj_main.c
Invoking: AVR Compiler
avr-gcc -Wall -g2 -gstabs -O0 -fpack-struct -fshort-enums -ffunction-sections -fdata-sections -std=gnu99 -funsigned-char -funsigned-bitfields -mmcu=atmega32 -DF_CPU=16000000UL -MMD -MP -MF"proj_main.d" -MT"proj_main.o" -c -o "proj_main.o" "../proj_main.c"
In file included from ../proj_main.c:7:
c:/winavr-20100110/lib/gcc/../../avr/include/util/delay.h:90:3: warning: #warning "Compiler optimizations disabled; functions from <util/delay.h> won't work as designed"
Finished building: ../proj_main.c
 
Building target: Project_3.elf
Invoking: AVR C Linker
avr-gcc -Wl,-Map,Project_3.map -mmcu=atmega32 -o "Project_3.elf"  ./adc.o ./buzzer.o ./dc_motor.o ./flame_sensor.o ./gpio.o ./lcd.o ./ldr_sensor.o ./led.o ./lm35_sensor.o ./proj_main.o ./pwm.o   
Finished building target: Project_3.elf
 
Invoking: AVR Create Extended Listing
avr-objdump -h -S Project_3.elf  >"Project_3.lss"
Finished building: Project_3.lss
 
Invoking: Print Size
avr-size --format=avr --mcu=atmega32 Project_3.elf
AVR Memory Usage
----------------
Device: atmega32

Program:   10486 bytes (32.0% Full)
(.text + .data + .bootloader)

Data:        331 bytes (16.2% Full)
(.data + .bss + .noinit)


Finished building: sizedummy
 
00:48:53 **** Incremental Build of configuration Debug for project Project_3 ****
make all 
Building file: ../dc_motor.c
Invoking: AVR Compiler
avr-gcc -Wall -g2 -gstabs -O0 -fpack-struct -fshort-enums -ffunction-sections -fdata-sections -std=gnu99 -funsigned-char -funsigned-bitfields -mmcu=atmega32 -DF_CPU=16000000UL -MMD -MP -MF"dc_motor.d" -MT"dc_motor.o" -c -o "dc_motor.o" "../dc_motor.c"
Finished building: ../dc_motor.c
 
Building target: Project_3.elf
Invoking: AVR C Linker
avr-gcc -Wl,-Map,Project_3.map -mmcu=atmega32 -o "Project_3.elf"  ./adc.o ./buzzer.o ./dc_motor.o ./flame_sensor.o ./gpio.o ./lcd.o ./ldr_sensor.o ./led.o ./lm35_sensor.o ./proj_main.o ./pwm.o   
Finished building target: Project_3.elf
 
Invoking: AVR Create Extended Listing
avr-objdump -h -S Project_3.elf  >"Project_3.lss"
Finished building: Project_3.lss
 
Invoking: Print Size
avr-size --format=avr --mcu=atmega32 Project_3.elf
AVR Memory Usage
----------------
Device: atmega32

Program:   10476 bytes (32.0% Full)
(.text + .data + .bootloader)

Data:        331 bytes (16.2% Full)
(.data + .bss + .noinit)


Finished building: sizedummy
 
00:58:59 **** Incremental Build of configuration Debug for project Project_3 ****
make all 
Building file: ../dc_motor.c
Invoking: AVR Compiler
avr-gcc -Wall -g2 -gstabs -O0 -fpack-struct -fshort-enums -ffunction-sections -fdata-sections -std=gnu99 -funsigned-char -funsigned-bitfields -mmcu=atmega32 -DF_CPU=16000000UL -MMD -MP -MF"dc_motor.d" -MT"dc_motor.o" -c -o "dc_motor.o" "../dc_motor.c"
Finished building: ../dc_motor.c
 
Building target: Project_3.elf
Invoking: AVR C Linker
avr-gcc -Wl,-Map,Project_3.map -mmcu=atmega32 -o "Project_3.elf"  ./adc.o ./buzzer.o ./dc_motor.o ./flame_sensor.o ./gpio.o ./lcd.o ./ldr_sensor.o ./led.o ./lm35_sensor.o ./proj_main.o ./pwm.o   
Finished building target: Project_3.elf
 
Invoking: AVR Create Extended Listing
avr-objdump -h -S Project_3.elf  >"Project_3.lss"
Finished building: Project_3.lss
 
Invoking: Print Size
avr-size --format=avr --mcu=atmega32 Project_3.elf
AVR Memory Usage
----------------
Device: atmega32

Program:   10486 bytes (32.0% Full)
(.text + .data + .bootloader)

Data:        331 bytes (16.2% Full)
(.data + .bss + .noinit)


Finished building: sizedummy
 
01:14:55 **** Incremental Build of configuration Debug for project Project_3 ****
make all 
Building file: ../proj_main.c
Invoking: AVR Compiler
avr-gcc -Wall -g2 -gstabs -O0 -fpack-struct -fshort-enums -ffunction-sections -fdata-sections -std=gnu99 -funsigned-char -funsigned-bitfields -mmcu=atmega32 -DF_CPU=16000000UL -MMD -MP -MF"proj_main.d" -MT"proj_main.o" -c -o "proj_main.o" "../proj_main.c"
In file included from ../proj_main.c:7:
c:/winavr-20100110/lib/gcc/../../avr/include/util/delay.h:90:3: warning: #warning "Compiler optimizations disabled; functions from <util/delay.h> won't work as designed"
Finished building: ../proj_main.c
 
Building target: Project_3.elf
Invoking: AVR C Linker
avr-gcc -Wl,-Map,Project_3.map -mmcu=atmega32 -o "Project_3.elf"  ./adc.o ./buzzer.o ./dc_motor.o ./flame_sensor.o ./gpio.o ./lcd.o ./ldr_sensor.o ./led.o ./lm35_sensor.o ./proj_main.o ./pwm.o   
Finished building target: Project_3.elf
 
Invoking: AVR Create Extended Listing
avr-objdump -h -S Project_3.elf  >"Project_3.lss"
Finished building: Project_3.lss
 
Invoking: Print Size
avr-size --format=avr --mcu=atmega32 Project_3.elf
AVR Memory Usage
----------------
Device: atmega32

Program:   10484 bytes (32.0% Full)
(.text + .data + .bootloader)

Data:        331 bytes (16.2% Full)
(.data + .bss + .noinit)


Finished building: sizedummy
 
01:15:58 **** Incremental Build of configuration Debug for project Project_3 ****
make all 
Building file: ../dc_motor.c
Invoking: AVR Compiler
avr-gcc -Wall -g2 -gstabs -O0 -fpack-struct -fshort-enums -ffunction-sections -fdata-sections -std=gnu99 -funsigned-char -funsigned-bitfields -mmcu=atmega32 -DF_CPU=16000000UL -MMD -MP -MF"dc_motor.d" -MT"dc_motor.o" -c -o "dc_motor.o" "../dc_motor.c"
Finished building: ../dc_motor.c
 
Building target: Project_3.elf
Invoking: AVR C Linker
avr-gcc -Wl,-Map,Project_3.map -mmcu=atmega32 -o "Project_3.elf"  ./adc.o ./buzzer.o ./dc_motor.o ./flame_sensor.o ./gpio.o ./lcd.o ./ldr_sensor.o ./led.o ./lm35_sensor.o ./proj_main.o ./pwm.o   
Finished building target: Project_3.elf
 
Invoking: AVR Create Extended Listing
avr-objdump -h -S Project_3.elf  >"Project_3.lss"
Finished building: Project_3.lss
 
Invoking: Print Size
avr-size --format=avr --mcu=atmega32 Project_3.elf
AVR Memory Usage
----------------
Device: atmega32

Program:   10474 bytes (32.0% Full)
(.text + .data + .bootloader)

Data:        331 bytes (16.2% Full)
(.data + .bss + .noinit)


Finished building: sizedummy
 
01:18:36 **** Incremental Build of configuration Debug for project Project_3 ****
make all 
Building file: ../proj_main.c
Invoking: AVR Compiler
avr-gcc -Wall -g2 -gstabs -O0 -fpack-struct -fshort-enums -ffunction-sections -fdata-sections -std=gnu99 -funsigned-char -funsigned-bitfields -mmcu=atmega32 -DF_CPU=16000000UL -MMD -MP -MF"proj_main.d" -MT"proj_main.o" -c -o "proj_main.o" "../proj_main.c"
In file included from ../proj_main.c:7:
c:/winavr-20100110/lib/gcc/../../avr/include/util/delay.h:90:3: warning: #warning "Compiler optimizations disabled; functions from <util/delay.h> won't work as designed"
Finished building: ../proj_main.c
 
Building target: Project_3.elf
Invoking: AVR C Linker
avr-gcc -Wl,-Map,Project_3.map -mmcu=atmega32 -o "Project_3.elf"  ./adc.o ./buzzer.o ./dc_motor.o ./flame_sensor.o ./gpio.o ./lcd.o ./ldr_sensor.o ./led.o ./lm35_sensor.o ./proj_main.o ./pwm.o   
Finished building target: Project_3.elf
 
Invoking: AVR Create Extended Listing
avr-objdump -h -S Project_3.elf  >"Project_3.lss"
Finished building: Project_3.lss
 
Invoking: Print Size
avr-size --format=avr --mcu=atmega32 Project_3.elf
AVR Memory Usage
----------------
Device: atmega32

Program:   10476 bytes (32.0% Full)
(.text + .data + .bootloader)

Data:        331 bytes (16.2% Full)
(.data + .bss + .noinit)


Finished building: sizedummy
 
01:20:48 **** Incremental Build of configuration Debug for project Project_3 ****
make all 
Building file: ../proj_main.c
Invoking: AVR Compiler
avr-gcc -Wall -g2 -gstabs -O0 -fpack-struct -fshort-enums -ffunction-sections -fdata-sections -std=gnu99 -funsigned-char -funsigned-bitfields -mmcu=atmega32 -DF_CPU=16000000UL -MMD -MP -MF"proj_main.d" -MT"proj_main.o" -c -o "proj_main.o" "../proj_main.c"
In file included from ../proj_main.c:7:
c:/winavr-20100110/lib/gcc/../../avr/include/util/delay.h:90:3: warning: #warning "Compiler optimizations disabled; functions from <util/delay.h> won't work as designed"
Finished building: ../proj_main.c
 
Building target: Project_3.elf
Invoking: AVR C Linker
avr-gcc -Wl,-Map,Project_3.map -mmcu=atmega32 -o "Project_3.elf"  ./adc.o ./buzzer.o ./dc_motor.o ./flame_sensor.o ./gpio.o ./lcd.o ./ldr_sensor.o ./led.o ./lm35_sensor.o ./proj_main.o ./pwm.o   
Finished building target: Project_3.elf
 
Invoking: AVR Create Extended Listing
avr-objdump -h -S Project_3.elf  >"Project_3.lss"
Finished building: Project_3.lss
 
Invoking: Print Size
avr-size --format=avr --mcu=atmega32 Project_3.elf
AVR Memory Usage
----------------
Device: atmega32

Program:   10476 bytes (32.0% Full)
(.text + .data + .bootloader)

Data:        331 bytes (16.2% Full)
(.data + .bss + .noinit)


Finished building: sizedummy
 
01:23:46 **** Incremental Build of configuration Debug for project Project_3 ****
make all 
Building file: ../dc_motor.c
Invoking: AVR Compiler
avr-gcc -Wall -g2 -gstabs -O0 -fpack-struct -fshort-enums -ffunction-sections -fdata-sections -std=gnu99 -funsigned-char -funsigned-bitfields -mmcu=atmega32 -DF_CPU=16000000UL -MMD -MP -MF"dc_motor.d" -MT"dc_motor.o" -c -o "dc_motor.o" "../dc_motor.c"
Finished building: ../dc_motor.c
 
Building target: Project_3.elf
Invoking: AVR C Linker
avr-gcc -Wl,-Map,Project_3.map -mmcu=atmega32 -o "Project_3.elf"  ./adc.o ./buzzer.o ./dc_motor.o ./flame_sensor.o ./gpio.o ./lcd.o ./ldr_sensor.o ./led.o ./lm35_sensor.o ./proj_main.o ./pwm.o   
Finished building target: Project_3.elf
 
Invoking: AVR Create Extended Listing
avr-objdump -h -S Project_3.elf  >"Project_3.lss"
Finished building: Project_3.lss
 
Invoking: Print Size
avr-size --format=avr --mcu=atmega32 Project_3.elf
AVR Memory Usage
----------------
Device: atmega32

Program:   10466 bytes (31.9% Full)
(.text + .data + .bootloader)

Data:        331 bytes (16.2% Full)
(.data + .bss + .noinit)


Finished building: sizedummy
 
01:24:38 **** Incremental Build of configuration Debug for project Project_3 ****
make all 
Building file: ../proj_main.c
Invoking: AVR Compiler
avr-gcc -Wall -g2 -gstabs -O0 -fpack-struct -fshort-enums -ffunction-sections -fdata-sections -std=gnu99 -funsigned-char -funsigned-bitfields -mmcu=atmega32 -DF_CPU=16000000UL -MMD -MP -MF"proj_main.d" -MT"proj_main.o" -c -o "proj_main.o" "../proj_main.c"
In file included from ../proj_main.c:7:
c:/winavr-20100110/lib/gcc/../../avr/include/util/delay.h:90:3: warning: #warning "Compiler optimizations disabled; functions from <util/delay.h> won't work as designed"
Finished building: ../proj_main.c
 
Building target: Project_3.elf
Invoking: AVR C Linker
avr-gcc -Wl,-Map,Project_3.map -mmcu=atmega32 -o "Project_3.elf"  ./adc.o ./buzzer.o ./dc_motor.o ./flame_sensor.o ./gpio.o ./lcd.o ./ldr_sensor.o ./led.o ./lm35_sensor.o ./proj_main.o ./pwm.o   
Finished building target: Project_3.elf
 
Invoking: AVR Create Extended Listing
avr-objdump -h -S Project_3.elf  >"Project_3.lss"
Finished building: Project_3.lss
 
Invoking: Print Size
avr-size --format=avr --mcu=atmega32 Project_3.elf
AVR Memory Usage
----------------
Device: atmega32

Program:   10466 bytes (31.9% Full)
(.text + .data + .bootloader)

Data:        331 bytes (16.2% Full)
(.data + .bss + .noinit)


Finished building: sizedummy
 
01:28:07 **** Incremental Build of configuration Debug for project Project_3 ****
make all 
Building file: ../dc_motor.c
Invoking: AVR Compiler
avr-gcc -Wall -g2 -gstabs -O0 -fpack-struct -fshort-enums -ffunction-sections -fdata-sections -std=gnu99 -funsigned-char -funsigned-bitfields -mmcu=atmega32 -DF_CPU=16000000UL -MMD -MP -MF"dc_motor.d" -MT"dc_motor.o" -c -o "dc_motor.o" "../dc_motor.c"
Finished building: ../dc_motor.c
 
Building target: Project_3.elf
Invoking: AVR C Linker
avr-gcc -Wl,-Map,Project_3.map -mmcu=atmega32 -o "Project_3.elf"  ./adc.o ./buzzer.o ./dc_motor.o ./flame_sensor.o ./gpio.o ./lcd.o ./ldr_sensor.o ./led.o ./lm35_sensor.o ./proj_main.o ./pwm.o   
Finished building target: Project_3.elf
 
Invoking: AVR Create Extended Listing
avr-objdump -h -S Project_3.elf  >"Project_3.lss"
Finished building: Project_3.lss
 
Invoking: Print Size
avr-size --format=avr --mcu=atmega32 Project_3.elf
AVR Memory Usage
----------------
Device: atmega32

Program:   10486 bytes (32.0% Full)
(.text + .data + .bootloader)

Data:        331 bytes (16.2% Full)
(.data + .bss + .noinit)


Finished building: sizedummy
 
01:32:29 **** Incremental Build of configuration Debug for project Project_3 ****
make all 
Building file: ../dc_motor.c
Invoking: AVR Compiler
avr-gcc -Wall -g2 -gstabs -O0 -fpack-struct -fshort-enums -ffunction-sections -fdata-sections -std=gnu99 -funsigned-char -funsigned-bitfields -mmcu=atmega32 -DF_CPU=16000000UL -MMD -MP -MF"dc_motor.d" -MT"dc_motor.o" -c -o "dc_motor.o" "../dc_motor.c"
Finished building: ../dc_motor.c
 
Building target: Project_3.elf
Invoking: AVR C Linker
avr-gcc -Wl,-Map,Project_3.map -mmcu=atmega32 -o "Project_3.elf"  ./adc.o ./buzzer.o ./dc_motor.o ./flame_sensor.o ./gpio.o ./lcd.o ./ldr_sensor.o ./led.o ./lm35_sensor.o ./proj_main.o ./pwm.o   
Finished building target: Project_3.elf
 
Invoking: AVR Create Extended Listing
avr-objdump -h -S Project_3.elf  >"Project_3.lss"
Finished building: Project_3.lss
 
Invoking: Print Size
avr-size --format=avr --mcu=atmega32 Project_3.elf
AVR Memory Usage
----------------
Device: atmega32

Program:   10476 bytes (32.0% Full)
(.text + .data + .bootloader)

Data:        331 bytes (16.2% Full)
(.data + .bss + .noinit)


Finished building: sizedummy
 
01:32:58 **** Incremental Build of configuration Debug for project Project_3 ****
make all 
Building file: ../dc_motor.c
Invoking: AVR Compiler
avr-gcc -Wall -g2 -gstabs -O0 -fpack-struct -fshort-enums -ffunction-sections -fdata-sections -std=gnu99 -funsigned-char -funsigned-bitfields -mmcu=atmega32 -DF_CPU=16000000UL -MMD -MP -MF"dc_motor.d" -MT"dc_motor.o" -c -o "dc_motor.o" "../dc_motor.c"
Finished building: ../dc_motor.c
 
Building target: Project_3.elf
Invoking: AVR C Linker
avr-gcc -Wl,-Map,Project_3.map -mmcu=atmega32 -o "Project_3.elf"  ./adc.o ./buzzer.o ./dc_motor.o ./flame_sensor.o ./gpio.o ./lcd.o ./ldr_sensor.o ./led.o ./lm35_sensor.o ./proj_main.o ./pwm.o   
Finished building target: Project_3.elf
 
Invoking: AVR Create Extended Listing
avr-objdump -h -S Project_3.elf  >"Project_3.lss"
Finished building: Project_3.lss
 
Invoking: Print Size
avr-size --format=avr --mcu=atmega32 Project_3.elf
AVR Memory Usage
----------------
Device: atmega32

Program:   10486 bytes (32.0% Full)
(.text + .data + .bootloader)

Data:        331 bytes (16.2% Full)
(.data + .bss + .noinit)


Finished building: sizedummy
 
01:41:07 **** Incremental Build of configuration Debug for project Project_3 ****
make all 
Building file: ../dc_motor.c
Invoking: AVR Compiler
avr-gcc -Wall -g2 -gstabs -O0 -fpack-struct -fshort-enums -ffunction-sections -fdata-sections -std=gnu99 -funsigned-char -funsigned-bitfields -mmcu=atmega32 -DF_CPU=16000000UL -MMD -MP -MF"dc_motor.d" -MT"dc_motor.o" -c -o "dc_motor.o" "../dc_motor.c"
Finished building: ../dc_motor.c
 
Building target: Project_3.elf
Invoking: AVR C Linker
avr-gcc -Wl,-Map,Project_3.map -mmcu=atmega32 -o "Project_3.elf"  ./adc.o ./buzzer.o ./dc_motor.o ./flame_sensor.o ./gpio.o ./lcd.o ./ldr_sensor.o ./led.o ./lm35_sensor.o ./proj_main.o ./pwm.o   
Finished building target: Project_3.elf
 
Invoking: AVR Create Extended Listing
avr-objdump -h -S Project_3.elf  >"Project_3.lss"
Finished building: Project_3.lss
 
Invoking: Print Size
avr-size --format=avr --mcu=atmega32 Project_3.elf
AVR Memory Usage
----------------
Device: atmega32

Program:   10476 bytes (32.0% Full)
(.text + .data + .bootloader)

Data:        331 bytes (16.2% Full)
(.data + .bss + .noinit)


Finished building: sizedummy
 
01:43:04 **** Incremental Build of configuration Debug for project Project_3 ****
make all 
Building file: ../dc_motor.c
Invoking: AVR Compiler
avr-gcc -Wall -g2 -gstabs -O0 -fpack-struct -fshort-enums -ffunction-sections -fdata-sections -std=gnu99 -funsigned-char -funsigned-bitfields -mmcu=atmega32 -DF_CPU=16000000UL -MMD -MP -MF"dc_motor.d" -MT"dc_motor.o" -c -o "dc_motor.o" "../dc_motor.c"
Finished building: ../dc_motor.c
 
Building target: Project_3.elf
Invoking: AVR C Linker
avr-gcc -Wl,-Map,Project_3.map -mmcu=atmega32 -o "Project_3.elf"  ./adc.o ./buzzer.o ./dc_motor.o ./flame_sensor.o ./gpio.o ./lcd.o ./ldr_sensor.o ./led.o ./lm35_sensor.o ./proj_main.o ./pwm.o   
Finished building target: Project_3.elf
 
Invoking: AVR Create Extended Listing
avr-objdump -h -S Project_3.elf  >"Project_3.lss"
Finished building: Project_3.lss
 
Invoking: Print Size
avr-size --format=avr --mcu=atmega32 Project_3.elf
AVR Memory Usage
----------------
Device: atmega32

Program:   10466 bytes (31.9% Full)
(.text + .data + .bootloader)

Data:        331 bytes (16.2% Full)
(.data + .bss + .noinit)


Finished building: sizedummy
 
01:44:03 **** Incremental Build of configuration Debug for project Project_3 ****
make all 
Building file: ../dc_motor.c
Invoking: AVR Compiler
avr-gcc -Wall -g2 -gstabs -O0 -fpack-struct -fshort-enums -ffunction-sections -fdata-sections -std=gnu99 -funsigned-char -funsigned-bitfields -mmcu=atmega32 -DF_CPU=16000000UL -MMD -MP -MF"dc_motor.d" -MT"dc_motor.o" -c -o "dc_motor.o" "../dc_motor.c"
Finished building: ../dc_motor.c
 
Building target: Project_3.elf
Invoking: AVR C Linker
avr-gcc -Wl,-Map,Project_3.map -mmcu=atmega32 -o "Project_3.elf"  ./adc.o ./buzzer.o ./dc_motor.o ./flame_sensor.o ./gpio.o ./lcd.o ./ldr_sensor.o ./led.o ./lm35_sensor.o ./proj_main.o ./pwm.o   
Finished building target: Project_3.elf
 
Invoking: AVR Create Extended Listing
avr-objdump -h -S Project_3.elf  >"Project_3.lss"
Finished building: Project_3.lss
 
Invoking: Print Size
avr-size --format=avr --mcu=atmega32 Project_3.elf
AVR Memory Usage
----------------
Device: atmega32

Program:   10476 bytes (32.0% Full)
(.text + .data + .bootloader)

Data:        331 bytes (16.2% Full)
(.data + .bss + .noinit)


Finished building: sizedummy
 
13:05:28 **** Incremental Build of configuration Debug for project Project_3 ****
make all 
Building file: ../dc_motor.c
Invoking: AVR Compiler
avr-gcc -Wall -g2 -gstabs -O0 -fpack-struct -fshort-enums -ffunction-sections -fdata-sections -std=gnu99 -funsigned-char -funsigned-bitfields -mmcu=atmega32 -DF_CPU=16000000UL -MMD -MP -MF"dc_motor.d" -MT"dc_motor.o" -c -o "dc_motor.o" "../dc_motor.c"
Finished building: ../dc_motor.c
 
Building target: Project_3.elf
Invoking: AVR C Linker
avr-gcc -Wl,-Map,Project_3.map -mmcu=atmega32 -o "Project_3.elf"  ./adc.o ./buzzer.o ./dc_motor.o ./flame_sensor.o ./gpio.o ./lcd.o ./ldr_sensor.o ./led.o ./lm35_sensor.o ./proj_main.o ./pwm.o   
Finished building target: Project_3.elf
 
Invoking: AVR Create Extended Listing
avr-objdump -h -S Project_3.elf  >"Project_3.lss"
Finished building: Project_3.lss
 
Invoking: Print Size
avr-size --format=avr --mcu=atmega32 Project_3.elf
AVR Memory Usage
----------------
Device: atmega32

Program:   10466 bytes (31.9% Full)
(.text + .data + .bootloader)

Data:        331 bytes (16.2% Full)
(.data + .bss + .noinit)


Finished building: sizedummy
 
13:12:01 **** Incremental Build of configuration Debug for project Project_3 ****
make all 
Building file: ../pwm.c
Invoking: AVR Compiler
avr-gcc -Wall -g2 -gstabs -O0 -fpack-struct -fshort-enums -ffunction-sections -fdata-sections -std=gnu99 -funsigned-char -funsigned-bitfields -mmcu=atmega32 -DF_CPU=16000000UL -MMD -MP -MF"pwm.d" -MT"pwm.o" -c -o "pwm.o" "../pwm.c"
Finished building: ../pwm.c
 
Building target: Project_3.elf
Invoking: AVR C Linker
avr-gcc -Wl,-Map,Project_3.map -mmcu=atmega32 -o "Project_3.elf"  ./adc.o ./buzzer.o ./dc_motor.o ./flame_sensor.o ./gpio.o ./lcd.o ./ldr_sensor.o ./led.o ./lm35_sensor.o ./proj_main.o ./pwm.o   
Finished building target: Project_3.elf
 
Invoking: AVR Create Extended Listing
avr-objdump -h -S Project_3.elf  >"Project_3.lss"
Finished building: Project_3.lss
 
Invoking: Print Size
avr-size --format=avr --mcu=atmega32 Project_3.elf
AVR Memory Usage
----------------
Device: atmega32

Program:   10274 bytes (31.4% Full)
(.text + .data + .bootloader)

Data:        331 bytes (16.2% Full)
(.data + .bss + .noinit)


Finished building: sizedummy
 
13:13:25 **** Incremental Build of configuration Debug for project Project_3 ****
make all 
Building file: ../pwm.c
Invoking: AVR Compiler
avr-gcc -Wall -g2 -gstabs -O0 -fpack-struct -fshort-enums -ffunction-sections -fdata-sections -std=gnu99 -funsigned-char -funsigned-bitfields -mmcu=atmega32 -DF_CPU=16000000UL -MMD -MP -MF"pwm.d" -MT"pwm.o" -c -o "pwm.o" "../pwm.c"
Finished building: ../pwm.c
 
Building target: Project_3.elf
Invoking: AVR C Linker
avr-gcc -Wl,-Map,Project_3.map -mmcu=atmega32 -o "Project_3.elf"  ./adc.o ./buzzer.o ./dc_motor.o ./flame_sensor.o ./gpio.o ./lcd.o ./ldr_sensor.o ./led.o ./lm35_sensor.o ./proj_main.o ./pwm.o   
Finished building target: Project_3.elf
 
Invoking: AVR Create Extended Listing
avr-objdump -h -S Project_3.elf  >"Project_3.lss"
Finished building: Project_3.lss
 
Invoking: Print Size
avr-size --format=avr --mcu=atmega32 Project_3.elf
AVR Memory Usage
----------------
Device: atmega32

Program:   10466 bytes (31.9% Full)
(.text + .data + .bootloader)

Data:        331 bytes (16.2% Full)
(.data + .bss + .noinit)


Finished building: sizedummy
 
14:05:31 **** Incremental Build of configuration Debug for project Project_3 ****
make all 
Building file: ../proj_main.c
Invoking: AVR Compiler
avr-gcc -Wall -g2 -gstabs -O0 -fpack-struct -fshort-enums -ffunction-sections -fdata-sections -std=gnu99 -funsigned-char -funsigned-bitfields -mmcu=atmega32 -DF_CPU=16000000UL -MMD -MP -MF"proj_main.d" -MT"proj_main.o" -c -o "proj_main.o" "../proj_main.c"
In file included from ../proj_main.c:7:
c:/winavr-20100110/lib/gcc/../../avr/include/util/delay.h:90:3: warning: #warning "Compiler optimizations disabled; functions from <util/delay.h> won't work as designed"
Finished building: ../proj_main.c
 
Building target: Project_3.elf
Invoking: AVR C Linker
avr-gcc -Wl,-Map,Project_3.map -mmcu=atmega32 -o "Project_3.elf"  ./adc.o ./buzzer.o ./dc_motor.o ./flame_sensor.o ./gpio.o ./lcd.o ./ldr_sensor.o ./led.o ./lm35_sensor.o ./proj_main.o ./pwm.o   
Finished building target: Project_3.elf
 
Invoking: AVR Create Extended Listing
avr-objdump -h -S Project_3.elf  >"Project_3.lss"
Finished building: Project_3.lss
 
Invoking: Print Size
avr-size --format=avr --mcu=atmega32 Project_3.elf
AVR Memory Usage
----------------
Device: atmega32

Program:   10466 bytes (31.9% Full)
(.text + .data + .bootloader)

Data:        331 bytes (16.2% Full)
(.data + .bss + .noinit)


Finished building: sizedummy
 
14:07:10 **** Incremental Build of configuration Debug for project Project_3 ****
make all 
Building file: ../proj_main.c
Invoking: AVR Compiler
avr-gcc -Wall -g2 -gstabs -O0 -fpack-struct -fshort-enums -ffunction-sections -fdata-sections -std=gnu99 -funsigned-char -funsigned-bitfields -mmcu=atmega32 -DF_CPU=16000000UL -MMD -MP -MF"proj_main.d" -MT"proj_main.o" -c -o "proj_main.o" "../proj_main.c"
In file included from ../proj_main.c:7:
c:/winavr-20100110/lib/gcc/../../avr/include/util/delay.h:90:3: warning: #warning "Compiler optimizations disabled; functions from <util/delay.h> won't work as designed"
Finished building: ../proj_main.c
 
Building target: Project_3.elf
Invoking: AVR C Linker
avr-gcc -Wl,-Map,Project_3.map -mmcu=atmega32 -o "Project_3.elf"  ./adc.o ./buzzer.o ./dc_motor.o ./flame_sensor.o ./gpio.o ./lcd.o ./ldr_sensor.o ./led.o ./lm35_sensor.o ./proj_main.o ./pwm.o   
Finished building target: Project_3.elf
 
Invoking: AVR Create Extended Listing
avr-objdump -h -S Project_3.elf  >"Project_3.lss"
Finished building: Project_3.lss
 
Invoking: Print Size
avr-size --format=avr --mcu=atmega32 Project_3.elf
AVR Memory Usage
----------------
Device: atmega32

Program:   10466 bytes (31.9% Full)
(.text + .data + .bootloader)

Data:        331 bytes (16.2% Full)
(.data + .bss + .noinit)


Finished building: sizedummy
 
14:09:33 **** Incremental Build of configuration Debug for project Project_3 ****
make all 
Building file: ../proj_main.c
Invoking: AVR Compiler
avr-gcc -Wall -g2 -gstabs -O0 -fpack-struct -fshort-enums -ffunction-sections -fdata-sections -std=gnu99 -funsigned-char -funsigned-bitfields -mmcu=atmega32 -DF_CPU=16000000UL -MMD -MP -MF"proj_main.d" -MT"proj_main.o" -c -o "proj_main.o" "../proj_main.c"
In file included from ../proj_main.c:7:
c:/winavr-20100110/lib/gcc/../../avr/include/util/delay.h:90:3: warning: #warning "Compiler optimizations disabled; functions from <util/delay.h> won't work as designed"
Finished building: ../proj_main.c
 
Building target: Project_3.elf
Invoking: AVR C Linker
avr-gcc -Wl,-Map,Project_3.map -mmcu=atmega32 -o "Project_3.elf"  ./adc.o ./buzzer.o ./dc_motor.o ./flame_sensor.o ./gpio.o ./lcd.o ./ldr_sensor.o ./led.o ./lm35_sensor.o ./proj_main.o ./pwm.o   
Finished building target: Project_3.elf
 
Invoking: AVR Create Extended Listing
avr-objdump -h -S Project_3.elf  >"Project_3.lss"
Finished building: Project_3.lss
 
Invoking: Print Size
avr-size --format=avr --mcu=atmega32 Project_3.elf
AVR Memory Usage
----------------
Device: atmega32

Program:   10474 bytes (32.0% Full)
(.text + .data + .bootloader)

Data:        331 bytes (16.2% Full)
(.data + .bss + .noinit)


Finished building: sizedummy
 
14:12:54 **** Incremental Build of configuration Debug for project Project_3 ****
make all 
Building file: ../dc_motor.c
Invoking: AVR Compiler
avr-gcc -Wall -g2 -gstabs -O0 -fpack-struct -fshort-enums -ffunction-sections -fdata-sections -std=gnu99 -funsigned-char -funsigned-bitfields -mmcu=atmega32 -DF_CPU=16000000UL -MMD -MP -MF"dc_motor.d" -MT"dc_motor.o" -c -o "dc_motor.o" "../dc_motor.c"
Finished building: ../dc_motor.c
 
Building file: ../proj_main.c
Invoking: AVR Compiler
avr-gcc -Wall -g2 -gstabs -O0 -fpack-struct -fshort-enums -ffunction-sections -fdata-sections -std=gnu99 -funsigned-char -funsigned-bitfields -mmcu=atmega32 -DF_CPU=16000000UL -MMD -MP -MF"proj_main.d" -MT"proj_main.o" -c -o "proj_main.o" "../proj_main.c"
In file included from ../proj_main.c:7:
c:/winavr-20100110/lib/gcc/../../avr/include/util/delay.h:90:3: warning: #warning "Compiler optimizations disabled; functions from <util/delay.h> won't work as designed"
Finished building: ../proj_main.c
 
Building target: Project_3.elf
Invoking: AVR C Linker
avr-gcc -Wl,-Map,Project_3.map -mmcu=atmega32 -o "Project_3.elf"  ./adc.o ./buzzer.o ./dc_motor.o ./flame_sensor.o ./gpio.o ./lcd.o ./ldr_sensor.o ./led.o ./lm35_sensor.o ./proj_main.o ./pwm.o   
Finished building target: Project_3.elf
 
Invoking: AVR Create Extended Listing
avr-objdump -h -S Project_3.elf  >"Project_3.lss"
Finished building: Project_3.lss
 
Invoking: Print Size
avr-size --format=avr --mcu=atmega32 Project_3.elf
AVR Memory Usage
----------------
Device: atmega32

Program:   10476 bytes (32.0% Full)
(.text + .data + .bootloader)

Data:        331 bytes (16.2% Full)
(.data + .bss + .noinit)


Finished building: sizedummy
 
14:14:31 **** Incremental Build of configuration Debug for project Project_3 ****
make all 
Building file: ../proj_main.c
Invoking: AVR Compiler
avr-gcc -Wall -g2 -gstabs -O0 -fpack-struct -fshort-enums -ffunction-sections -fdata-sections -std=gnu99 -funsigned-char -funsigned-bitfields -mmcu=atmega32 -DF_CPU=16000000UL -MMD -MP -MF"proj_main.d" -MT"proj_main.o" -c -o "proj_main.o" "../proj_main.c"
In file included from ../proj_main.c:7:
c:/winavr-20100110/lib/gcc/../../avr/include/util/delay.h:90:3: warning: #warning "Compiler optimizations disabled; functions from <util/delay.h> won't work as designed"
Finished building: ../proj_main.c
 
Building target: Project_3.elf
Invoking: AVR C Linker
avr-gcc -Wl,-Map,Project_3.map -mmcu=atmega32 -o "Project_3.elf"  ./adc.o ./buzzer.o ./dc_motor.o ./flame_sensor.o ./gpio.o ./lcd.o ./ldr_sensor.o ./led.o ./lm35_sensor.o ./proj_main.o ./pwm.o   
Finished building target: Project_3.elf
 
Invoking: AVR Create Extended Listing
avr-objdump -h -S Project_3.elf  >"Project_3.lss"
Finished building: Project_3.lss
 
Invoking: Print Size
avr-size --format=avr --mcu=atmega32 Project_3.elf
AVR Memory Usage
----------------
Device: atmega32

Program:   10476 bytes (32.0% Full)
(.text + .data + .bootloader)

Data:        331 bytes (16.2% Full)
(.data + .bss + .noinit)


Finished building: sizedummy
 
14:16:07 **** Incremental Build of configuration Debug for project Project_3 ****
make all 
Building file: ../proj_main.c
Invoking: AVR Compiler
avr-gcc -Wall -g2 -gstabs -O0 -fpack-struct -fshort-enums -ffunction-sections -fdata-sections -std=gnu99 -funsigned-char -funsigned-bitfields -mmcu=atmega32 -DF_CPU=16000000UL -MMD -MP -MF"proj_main.d" -MT"proj_main.o" -c -o "proj_main.o" "../proj_main.c"
In file included from ../proj_main.c:7:
c:/winavr-20100110/lib/gcc/../../avr/include/util/delay.h:90:3: warning: #warning "Compiler optimizations disabled; functions from <util/delay.h> won't work as designed"
Finished building: ../proj_main.c
 
Building target: Project_3.elf
Invoking: AVR C Linker
avr-gcc -Wl,-Map,Project_3.map -mmcu=atmega32 -o "Project_3.elf"  ./adc.o ./buzzer.o ./dc_motor.o ./flame_sensor.o ./gpio.o ./lcd.o ./ldr_sensor.o ./led.o ./lm35_sensor.o ./proj_main.o ./pwm.o   
Finished building target: Project_3.elf
 
Invoking: AVR Create Extended Listing
avr-objdump -h -S Project_3.elf  >"Project_3.lss"
Finished building: Project_3.lss
 
Invoking: Print Size
avr-size --format=avr --mcu=atmega32 Project_3.elf
AVR Memory Usage
----------------
Device: atmega32

Program:   10476 bytes (32.0% Full)
(.text + .data + .bootloader)

Data:        331 bytes (16.2% Full)
(.data + .bss + .noinit)


Finished building: sizedummy
 
14:20:41 **** Incremental Build of configuration Debug for project Project_3 ****
make all 
Building file: ../proj_main.c
Invoking: AVR Compiler
avr-gcc -Wall -g2 -gstabs -O0 -fpack-struct -fshort-enums -ffunction-sections -fdata-sections -std=gnu99 -funsigned-char -funsigned-bitfields -mmcu=atmega32 -DF_CPU=16000000UL -MMD -MP -MF"proj_main.d" -MT"proj_main.o" -c -o "proj_main.o" "../proj_main.c"
In file included from ../proj_main.c:7:
c:/winavr-20100110/lib/gcc/../../avr/include/util/delay.h:90:3: warning: #warning "Compiler optimizations disabled; functions from <util/delay.h> won't work as designed"
Finished building: ../proj_main.c
 
Building target: Project_3.elf
Invoking: AVR C Linker
avr-gcc -Wl,-Map,Project_3.map -mmcu=atmega32 -o "Project_3.elf"  ./adc.o ./buzzer.o ./dc_motor.o ./flame_sensor.o ./gpio.o ./lcd.o ./ldr_sensor.o ./led.o ./lm35_sensor.o ./proj_main.o ./pwm.o   
Finished building target: Project_3.elf
 
Invoking: AVR Create Extended Listing
avr-objdump -h -S Project_3.elf  >"Project_3.lss"
Finished building: Project_3.lss
 
Invoking: Print Size
avr-size --format=avr --mcu=atmega32 Project_3.elf
AVR Memory Usage
----------------
Device: atmega32

Program:   10476 bytes (32.0% Full)
(.text + .data + .bootloader)

Data:        331 bytes (16.2% Full)
(.data + .bss + .noinit)


Finished building: sizedummy
 
14:24:36 **** Incremental Build of configuration Debug for project Project_3 ****
make all 
Building file: ../proj_main.c
Invoking: AVR Compiler
avr-gcc -Wall -g2 -gstabs -O0 -fpack-struct -fshort-enums -ffunction-sections -fdata-sections -std=gnu99 -funsigned-char -funsigned-bitfields -mmcu=atmega32 -DF_CPU=16000000UL -MMD -MP -MF"proj_main.d" -MT"proj_main.o" -c -o "proj_main.o" "../proj_main.c"
In file included from ../proj_main.c:7:
c:/winavr-20100110/lib/gcc/../../avr/include/util/delay.h:90:3: warning: #warning "Compiler optimizations disabled; functions from <util/delay.h> won't work as designed"
../proj_main.c: In function 'main':
../proj_main.c:147: error: expected ',' or ';' before 'fan_speed_control'
../proj_main.c:146: warning: unused variable 'temperature'
make: *** [proj_main.o] Error 1
"make all" terminated with exit code 2. Build might be incomplete.
14:24:44 **** Incremental Build of configuration Debug for project Project_3 ****
make all 
Building file: ../proj_main.c
Invoking: AVR Compiler
avr-gcc -Wall -g2 -gstabs -O0 -fpack-struct -fshort-enums -ffunction-sections -fdata-sections -std=gnu99 -funsigned-char -funsigned-bitfields -mmcu=atmega32 -DF_CPU=16000000UL -MMD -MP -MF"proj_main.d" -MT"proj_main.o" -c -o "proj_main.o" "../proj_main.c"
In file included from ../proj_main.c:7:
c:/winavr-20100110/lib/gcc/../../avr/include/util/delay.h:90:3: warning: #warning "Compiler optimizations disabled; functions from <util/delay.h> won't work as designed"
Finished building: ../proj_main.c
 
Building target: Project_3.elf
Invoking: AVR C Linker
avr-gcc -Wl,-Map,Project_3.map -mmcu=atmega32 -o "Project_3.elf"  ./adc.o ./buzzer.o ./dc_motor.o ./flame_sensor.o ./gpio.o ./lcd.o ./ldr_sensor.o ./led.o ./lm35_sensor.o ./proj_main.o ./pwm.o   
Finished building target: Project_3.elf
 
Invoking: AVR Create Extended Listing
avr-objdump -h -S Project_3.elf  >"Project_3.lss"
Finished building: Project_3.lss
 
Invoking: Print Size
avr-size --format=avr --mcu=atmega32 Project_3.elf
AVR Memory Usage
----------------
Device: atmega32

Program:   10482 bytes (32.0% Full)
(.text + .data + .bootloader)

Data:        331 bytes (16.2% Full)
(.data + .bss + .noinit)


Finished building: sizedummy
 
14:28:29 **** Incremental Build of configuration Debug for project Project_3 ****
make all 
Building file: ../proj_main.c
Invoking: AVR Compiler
avr-gcc -Wall -g2 -gstabs -O0 -fpack-struct -fshort-enums -ffunction-sections -fdata-sections -std=gnu99 -funsigned-char -funsigned-bitfields -mmcu=atmega32 -DF_CPU=16000000UL -MMD -MP -MF"proj_main.d" -MT"proj_main.o" -c -o "proj_main.o" "../proj_main.c"
In file included from ../proj_main.c:7:
c:/winavr-20100110/lib/gcc/../../avr/include/util/delay.h:90:3: warning: #warning "Compiler optimizations disabled; functions from <util/delay.h> won't work as designed"
Finished building: ../proj_main.c
 
Building target: Project_3.elf
Invoking: AVR C Linker
avr-gcc -Wl,-Map,Project_3.map -mmcu=atmega32 -o "Project_3.elf"  ./adc.o ./buzzer.o ./dc_motor.o ./flame_sensor.o ./gpio.o ./lcd.o ./ldr_sensor.o ./led.o ./lm35_sensor.o ./proj_main.o ./pwm.o   
Finished building target: Project_3.elf
 
Invoking: AVR Create Extended Listing
avr-objdump -h -S Project_3.elf  >"Project_3.lss"
Finished building: Project_3.lss
 
Invoking: Print Size
avr-size --format=avr --mcu=atmega32 Project_3.elf
AVR Memory Usage
----------------
Device: atmega32

Program:   10548 bytes (32.2% Full)
(.text + .data + .bootloader)

Data:        331 bytes (16.2% Full)
(.data + .bss + .noinit)


Finished building: sizedummy
 
14:30:55 **** Incremental Build of configuration Debug for project Project_3 ****
make all 
Building file: ../proj_main.c
Invoking: AVR Compiler
avr-gcc -Wall -g2 -gstabs -O0 -fpack-struct -fshort-enums -ffunction-sections -fdata-sections -std=gnu99 -funsigned-char -funsigned-bitfields -mmcu=atmega32 -DF_CPU=16000000UL -MMD -MP -MF"proj_main.d" -MT"proj_main.o" -c -o "proj_main.o" "../proj_main.c"
In file included from ../proj_main.c:7:
c:/winavr-20100110/lib/gcc/../../avr/include/util/delay.h:90:3: warning: #warning "Compiler optimizations disabled; functions from <util/delay.h> won't work as designed"
Finished building: ../proj_main.c
 
Building target: Project_3.elf
Invoking: AVR C Linker
avr-gcc -Wl,-Map,Project_3.map -mmcu=atmega32 -o "Project_3.elf"  ./adc.o ./buzzer.o ./dc_motor.o ./flame_sensor.o ./gpio.o ./lcd.o ./ldr_sensor.o ./led.o ./lm35_sensor.o ./proj_main.o ./pwm.o   
Finished building target: Project_3.elf
 
Invoking: AVR Create Extended Listing
avr-objdump -h -S Project_3.elf  >"Project_3.lss"
Finished building: Project_3.lss
 
Invoking: Print Size
avr-size --format=avr --mcu=atmega32 Project_3.elf
AVR Memory Usage
----------------
Device: atmega32

Program:   10476 bytes (32.0% Full)
(.text + .data + .bootloader)

Data:        331 bytes (16.2% Full)
(.data + .bss + .noinit)


Finished building: sizedummy
 
14:31:26 **** Incremental Build of configuration Debug for project Project_3 ****
make all 
Building file: ../proj_main.c
Invoking: AVR Compiler
avr-gcc -Wall -g2 -gstabs -O0 -fpack-struct -fshort-enums -ffunction-sections -fdata-sections -std=gnu99 -funsigned-char -funsigned-bitfields -mmcu=atmega32 -DF_CPU=16000000UL -MMD -MP -MF"proj_main.d" -MT"proj_main.o" -c -o "proj_main.o" "../proj_main.c"
In file included from ../proj_main.c:7:
c:/winavr-20100110/lib/gcc/../../avr/include/util/delay.h:90:3: warning: #warning "Compiler optimizations disabled; functions from <util/delay.h> won't work as designed"
Finished building: ../proj_main.c
 
Building target: Project_3.elf
Invoking: AVR C Linker
avr-gcc -Wl,-Map,Project_3.map -mmcu=atmega32 -o "Project_3.elf"  ./adc.o ./buzzer.o ./dc_motor.o ./flame_sensor.o ./gpio.o ./lcd.o ./ldr_sensor.o ./led.o ./lm35_sensor.o ./proj_main.o ./pwm.o   
Finished building target: Project_3.elf
 
Invoking: AVR Create Extended Listing
avr-objdump -h -S Project_3.elf  >"Project_3.lss"
Finished building: Project_3.lss
 
Invoking: Print Size
avr-size --format=avr --mcu=atmega32 Project_3.elf
AVR Memory Usage
----------------
Device: atmega32

Program:   10476 bytes (32.0% Full)
(.text + .data + .bootloader)

Data:        331 bytes (16.2% Full)
(.data + .bss + .noinit)


Finished building: sizedummy
 
14:32:31 **** Incremental Build of configuration Debug for project Project_3 ****
make all 
Building file: ../dc_motor.c
Invoking: AVR Compiler
avr-gcc -Wall -g2 -gstabs -O0 -fpack-struct -fshort-enums -ffunction-sections -fdata-sections -std=gnu99 -funsigned-char -funsigned-bitfields -mmcu=atmega32 -DF_CPU=16000000UL -MMD -MP -MF"dc_motor.d" -MT"dc_motor.o" -c -o "dc_motor.o" "../dc_motor.c"
Finished building: ../dc_motor.c
 
Building target: Project_3.elf
Invoking: AVR C Linker
avr-gcc -Wl,-Map,Project_3.map -mmcu=atmega32 -o "Project_3.elf"  ./adc.o ./buzzer.o ./dc_motor.o ./flame_sensor.o ./gpio.o ./lcd.o ./ldr_sensor.o ./led.o ./lm35_sensor.o ./proj_main.o ./pwm.o   
Finished building target: Project_3.elf
 
Invoking: AVR Create Extended Listing
avr-objdump -h -S Project_3.elf  >"Project_3.lss"
Finished building: Project_3.lss
 
Invoking: Print Size
avr-size --format=avr --mcu=atmega32 Project_3.elf
AVR Memory Usage
----------------
Device: atmega32

Program:   10466 bytes (31.9% Full)
(.text + .data + .bootloader)

Data:        331 bytes (16.2% Full)
(.data + .bss + .noinit)


Finished building: sizedummy
 
14:33:02 **** Incremental Build of configuration Debug for project Project_3 ****
make all 
Building file: ../dc_motor.c
Invoking: AVR Compiler
avr-gcc -Wall -g2 -gstabs -O0 -fpack-struct -fshort-enums -ffunction-sections -fdata-sections -std=gnu99 -funsigned-char -funsigned-bitfields -mmcu=atmega32 -DF_CPU=16000000UL -MMD -MP -MF"dc_motor.d" -MT"dc_motor.o" -c -o "dc_motor.o" "../dc_motor.c"
Finished building: ../dc_motor.c
 
Building target: Project_3.elf
Invoking: AVR C Linker
avr-gcc -Wl,-Map,Project_3.map -mmcu=atmega32 -o "Project_3.elf"  ./adc.o ./buzzer.o ./dc_motor.o ./flame_sensor.o ./gpio.o ./lcd.o ./ldr_sensor.o ./led.o ./lm35_sensor.o ./proj_main.o ./pwm.o   
Finished building target: Project_3.elf
 
Invoking: AVR Create Extended Listing
avr-objdump -h -S Project_3.elf  >"Project_3.lss"
Finished building: Project_3.lss
 
Invoking: Print Size
avr-size --format=avr --mcu=atmega32 Project_3.elf
AVR Memory Usage
----------------
Device: atmega32

Program:   10476 bytes (32.0% Full)
(.text + .data + .bootloader)

Data:        331 bytes (16.2% Full)
(.data + .bss + .noinit)


Finished building: sizedummy
 
14:41:36 **** Incremental Build of configuration Debug for project Project_3 ****
make all 
Building file: ../dc_motor.c
Invoking: AVR Compiler
avr-gcc -Wall -g2 -gstabs -O0 -fpack-struct -fshort-enums -ffunction-sections -fdata-sections -std=gnu99 -funsigned-char -funsigned-bitfields -mmcu=atmega32 -DF_CPU=16000000UL -MMD -MP -MF"dc_motor.d" -MT"dc_motor.o" -c -o "dc_motor.o" "../dc_motor.c"
Finished building: ../dc_motor.c
 
Building target: Project_3.elf
Invoking: AVR C Linker
avr-gcc -Wl,-Map,Project_3.map -mmcu=atmega32 -o "Project_3.elf"  ./adc.o ./buzzer.o ./dc_motor.o ./flame_sensor.o ./gpio.o ./lcd.o ./ldr_sensor.o ./led.o ./lm35_sensor.o ./proj_main.o ./pwm.o   
Finished building target: Project_3.elf
 
Invoking: AVR Create Extended Listing
avr-objdump -h -S Project_3.elf  >"Project_3.lss"
Finished building: Project_3.lss
 
Invoking: Print Size
avr-size --format=avr --mcu=atmega32 Project_3.elf
AVR Memory Usage
----------------
Device: atmega32

Program:   10466 bytes (31.9% Full)
(.text + .data + .bootloader)

Data:        331 bytes (16.2% Full)
(.data + .bss + .noinit)


Finished building: sizedummy
 
14:45:15 **** Incremental Build of configuration Debug for project Project_3 ****
make all 
Building file: ../dc_motor.c
Invoking: AVR Compiler
avr-gcc -Wall -g2 -gstabs -O0 -fpack-struct -fshort-enums -ffunction-sections -fdata-sections -std=gnu99 -funsigned-char -funsigned-bitfields -mmcu=atmega32 -DF_CPU=16000000UL -MMD -MP -MF"dc_motor.d" -MT"dc_motor.o" -c -o "dc_motor.o" "../dc_motor.c"
Finished building: ../dc_motor.c
 
Building target: Project_3.elf
Invoking: AVR C Linker
avr-gcc -Wl,-Map,Project_3.map -mmcu=atmega32 -o "Project_3.elf"  ./adc.o ./buzzer.o ./dc_motor.o ./flame_sensor.o ./gpio.o ./lcd.o ./ldr_sensor.o ./led.o ./lm35_sensor.o ./proj_main.o ./pwm.o   
Finished building target: Project_3.elf
 
Invoking: AVR Create Extended Listing
avr-objdump -h -S Project_3.elf  >"Project_3.lss"
Finished building: Project_3.lss
 
Invoking: Print Size
avr-size --format=avr --mcu=atmega32 Project_3.elf
AVR Memory Usage
----------------
Device: atmega32

Program:   10476 bytes (32.0% Full)
(.text + .data + .bootloader)

Data:        331 bytes (16.2% Full)
(.data + .bss + .noinit)


Finished building: sizedummy
 
14:45:54 **** Incremental Build of configuration Debug for project Project_3 ****
make all 
Building file: ../dc_motor.c
Invoking: AVR Compiler
avr-gcc -Wall -g2 -gstabs -O0 -fpack-struct -fshort-enums -ffunction-sections -fdata-sections -std=gnu99 -funsigned-char -funsigned-bitfields -mmcu=atmega32 -DF_CPU=16000000UL -MMD -MP -MF"dc_motor.d" -MT"dc_motor.o" -c -o "dc_motor.o" "../dc_motor.c"
Finished building: ../dc_motor.c
 
Building target: Project_3.elf
Invoking: AVR C Linker
avr-gcc -Wl,-Map,Project_3.map -mmcu=atmega32 -o "Project_3.elf"  ./adc.o ./buzzer.o ./dc_motor.o ./flame_sensor.o ./gpio.o ./lcd.o ./ldr_sensor.o ./led.o ./lm35_sensor.o ./proj_main.o ./pwm.o   
Finished building target: Project_3.elf
 
Invoking: AVR Create Extended Listing
avr-objdump -h -S Project_3.elf  >"Project_3.lss"
Finished building: Project_3.lss
 
Invoking: Print Size
avr-size --format=avr --mcu=atmega32 Project_3.elf
AVR Memory Usage
----------------
Device: atmega32

Program:   10476 bytes (32.0% Full)
(.text + .data + .bootloader)

Data:        331 bytes (16.2% Full)
(.data + .bss + .noinit)


Finished building: sizedummy
 
14:55:37 **** Incremental Build of configuration Debug for project Project_3 ****
make all 
Building file: ../proj_main.c
Invoking: AVR Compiler
avr-gcc -Wall -g2 -gstabs -O0 -fpack-struct -fshort-enums -ffunction-sections -fdata-sections -std=gnu99 -funsigned-char -funsigned-bitfields -mmcu=atmega32 -DF_CPU=16000000UL -MMD -MP -MF"proj_main.d" -MT"proj_main.o" -c -o "proj_main.o" "../proj_main.c"
In file included from ../proj_main.c:7:
c:/winavr-20100110/lib/gcc/../../avr/include/util/delay.h:90:3: warning: #warning "Compiler optimizations disabled; functions from <util/delay.h> won't work as designed"
Finished building: ../proj_main.c
 
Building target: Project_3.elf
Invoking: AVR C Linker
avr-gcc -Wl,-Map,Project_3.map -mmcu=atmega32 -o "Project_3.elf"  ./adc.o ./buzzer.o ./dc_motor.o ./flame_sensor.o ./gpio.o ./lcd.o ./ldr_sensor.o ./led.o ./lm35_sensor.o ./proj_main.o ./pwm.o   
Finished building target: Project_3.elf
 
Invoking: AVR Create Extended Listing
avr-objdump -h -S Project_3.elf  >"Project_3.lss"
Finished building: Project_3.lss
 
Invoking: Print Size
avr-size --format=avr --mcu=atmega32 Project_3.elf
AVR Memory Usage
----------------
Device: atmega32

Program:   10476 bytes (32.0% Full)
(.text + .data + .bootloader)

Data:        331 bytes (16.2% Full)
(.data + .bss + .noinit)


Finished building: sizedummy
 
15:02:31 **** Incremental Build of configuration Debug for project Project_3 ****
make all 
Building file: ../dc_motor.c
Invoking: AVR Compiler
avr-gcc -Wall -g2 -gstabs -O0 -fpack-struct -fshort-enums -ffunction-sections -fdata-sections -std=gnu99 -funsigned-char -funsigned-bitfields -mmcu=atmega32 -DF_CPU=16000000UL -MMD -MP -MF"dc_motor.d" -MT"dc_motor.o" -c -o "dc_motor.o" "../dc_motor.c"
Finished building: ../dc_motor.c
 
Building target: Project_3.elf
Invoking: AVR C Linker
avr-gcc -Wl,-Map,Project_3.map -mmcu=atmega32 -o "Project_3.elf"  ./adc.o ./buzzer.o ./dc_motor.o ./flame_sensor.o ./gpio.o ./lcd.o ./ldr_sensor.o ./led.o ./lm35_sensor.o ./proj_main.o ./pwm.o   
Finished building target: Project_3.elf
 
Invoking: AVR Create Extended Listing
avr-objdump -h -S Project_3.elf  >"Project_3.lss"
Finished building: Project_3.lss
 
Invoking: Print Size
avr-size --format=avr --mcu=atmega32 Project_3.elf
AVR Memory Usage
----------------
Device: atmega32

Program:   10476 bytes (32.0% Full)
(.text + .data + .bootloader)

Data:        331 bytes (16.2% Full)
(.data + .bss + .noinit)


Finished building: sizedummy
 
15:03:55 **** Incremental Build of configuration Debug for project Project_3 ****
make all 
Building file: ../dc_motor.c
Invoking: AVR Compiler
avr-gcc -Wall -g2 -gstabs -O0 -fpack-struct -fshort-enums -ffunction-sections -fdata-sections -std=gnu99 -funsigned-char -funsigned-bitfields -mmcu=atmega32 -DF_CPU=16000000UL -MMD -MP -MF"dc_motor.d" -MT"dc_motor.o" -c -o "dc_motor.o" "../dc_motor.c"
Finished building: ../dc_motor.c
 
Building target: Project_3.elf
Invoking: AVR C Linker
avr-gcc -Wl,-Map,Project_3.map -mmcu=atmega32 -o "Project_3.elf"  ./adc.o ./buzzer.o ./dc_motor.o ./flame_sensor.o ./gpio.o ./lcd.o ./ldr_sensor.o ./led.o ./lm35_sensor.o ./proj_main.o ./pwm.o   
Finished building target: Project_3.elf
 
Invoking: AVR Create Extended Listing
avr-objdump -h -S Project_3.elf  >"Project_3.lss"
Finished building: Project_3.lss
 
Invoking: Print Size
avr-size --format=avr --mcu=atmega32 Project_3.elf
AVR Memory Usage
----------------
Device: atmega32

Program:   10476 bytes (32.0% Full)
(.text + .data + .bootloader)

Data:        331 bytes (16.2% Full)
(.data + .bss + .noinit)


Finished building: sizedummy
 
15:06:48 **** Incremental Build of configuration Debug for project Project_3 ****
make all 
Building file: ../dc_motor.c
Invoking: AVR Compiler
avr-gcc -Wall -g2 -gstabs -O0 -fpack-struct -fshort-enums -ffunction-sections -fdata-sections -std=gnu99 -funsigned-char -funsigned-bitfields -mmcu=atmega32 -DF_CPU=16000000UL -MMD -MP -MF"dc_motor.d" -MT"dc_motor.o" -c -o "dc_motor.o" "../dc_motor.c"
Finished building: ../dc_motor.c
 
Building target: Project_3.elf
Invoking: AVR C Linker
avr-gcc -Wl,-Map,Project_3.map -mmcu=atmega32 -o "Project_3.elf"  ./adc.o ./buzzer.o ./dc_motor.o ./flame_sensor.o ./gpio.o ./lcd.o ./ldr_sensor.o ./led.o ./lm35_sensor.o ./proj_main.o ./pwm.o   
Finished building target: Project_3.elf
 
Invoking: AVR Create Extended Listing
avr-objdump -h -S Project_3.elf  >"Project_3.lss"
Finished building: Project_3.lss
 
Invoking: Print Size
avr-size --format=avr --mcu=atmega32 Project_3.elf
AVR Memory Usage
----------------
Device: atmega32

Program:   10476 bytes (32.0% Full)
(.text + .data + .bootloader)

Data:        331 bytes (16.2% Full)
(.data + .bss + .noinit)


Finished building: sizedummy
 
15:16:16 **** Incremental Build of configuration Debug for project Project_3 ****
make all 
Building file: ../proj_main.c
Invoking: AVR Compiler
avr-gcc -Wall -g2 -gstabs -O0 -fpack-struct -fshort-enums -ffunction-sections -fdata-sections -std=gnu99 -funsigned-char -funsigned-bitfields -mmcu=atmega32 -DF_CPU=16000000UL -MMD -MP -MF"proj_main.d" -MT"proj_main.o" -c -o "proj_main.o" "../proj_main.c"
Finished building: ../proj_main.c
 
Building target: Project_3.elf
Invoking: AVR C Linker
avr-gcc -Wl,-Map,Project_3.map -mmcu=atmega32 -o "Project_3.elf"  ./adc.o ./buzzer.o ./dc_motor.o ./flame_sensor.o ./gpio.o ./lcd.o ./ldr_sensor.o ./led.o ./lm35_sensor.o ./proj_main.o ./pwm.o   
Finished building target: Project_3.elf
 
Invoking: AVR Create Extended Listing
avr-objdump -h -S Project_3.elf  >"Project_3.lss"
Finished building: Project_3.lss
 
Invoking: Print Size
avr-size --format=avr --mcu=atmega32 Project_3.elf
AVR Memory Usage
----------------
Device: atmega32

Program:   10476 bytes (32.0% Full)
(.text + .data + .bootloader)

Data:        331 bytes (16.2% Full)
(.data + .bss + .noinit)


Finished building: sizedummy
 
15:37:04 **** Incremental Build of configuration Debug for project Project_3 ****
make all 
Building file: ../lcd.c
Invoking: AVR Compiler
avr-gcc -Wall -g2 -gstabs -O0 -fpack-struct -fshort-enums -ffunction-sections -fdata-sections -std=gnu99 -funsigned-char -funsigned-bitfields -mmcu=atmega32 -DF_CPU=16000000UL -MMD -MP -MF"lcd.d" -MT"lcd.o" -c -o "lcd.o" "../lcd.c"
In file included from ../lcd.c:7:
c:/winavr-20100110/lib/gcc/../../avr/include/util/delay.h:90:3: warning: #warning "Compiler optimizations disabled; functions from <util/delay.h> won't work as designed"
../lcd.c: In function 'LCD_intgerToString':
../lcd.c:203: warning: implicit declaration of function 'itoa'
Finished building: ../lcd.c
 
Building file: ../lm35_sensor.c
Invoking: AVR Compiler
avr-gcc -Wall -g2 -gstabs -O0 -fpack-struct -fshort-enums -ffunction-sections -fdata-sections -std=gnu99 -funsigned-char -funsigned-bitfields -mmcu=atmega32 -DF_CPU=16000000UL -MMD -MP -MF"lm35_sensor.d" -MT"lm35_sensor.o" -c -o "lm35_sensor.o" "../lm35_sensor.c"
Finished building: ../lm35_sensor.c
 
Building file: ../proj_main.c
Invoking: AVR Compiler
avr-gcc -Wall -g2 -gstabs -O0 -fpack-struct -fshort-enums -ffunction-sections -fdata-sections -std=gnu99 -funsigned-char -funsigned-bitfields -mmcu=atmega32 -DF_CPU=16000000UL -MMD -MP -MF"proj_main.d" -MT"proj_main.o" -c -o "proj_main.o" "../proj_main.c"
Finished building: ../proj_main.c
 
Building target: Project_3.elf
Invoking: AVR C Linker
avr-gcc -Wl,-Map,Project_3.map -mmcu=atmega32 -o "Project_3.elf"  ./adc.o ./buzzer.o ./dc_motor.o ./flame_sensor.o ./gpio.o ./lcd.o ./ldr_sensor.o ./led.o ./lm35_sensor.o ./proj_main.o ./pwm.o   
Finished building target: Project_3.elf
 
Invoking: AVR Create Extended Listing
avr-objdump -h -S Project_3.elf  >"Project_3.lss"
Finished building: Project_3.lss
 
Invoking: Print Size
avr-size --format=avr --mcu=atmega32 Project_3.elf
AVR Memory Usage
----------------
Device: atmega32

Program:   10476 bytes (32.0% Full)
(.text + .data + .bootloader)

Data:        331 bytes (16.2% Full)
(.data + .bss + .noinit)


Finished building: sizedummy
 
15:37:35 **** Incremental Build of configuration Debug for project Project_3 ****
make all 
Building file: ../proj_main.c
Invoking: AVR Compiler
avr-gcc -Wall -g2 -gstabs -O0 -fpack-struct -fshort-enums -ffunction-sections -fdata-sections -std=gnu99 -funsigned-char -funsigned-bitfields -mmcu=atmega32 -DF_CPU=16000000UL -MMD -MP -MF"proj_main.d" -MT"proj_main.o" -c -o "proj_main.o" "../proj_main.c"
Finished building: ../proj_main.c
 
Building target: Project_3.elf
Invoking: AVR C Linker
avr-gcc -Wl,-Map,Project_3.map -mmcu=atmega32 -o "Project_3.elf"  ./adc.o ./buzzer.o ./dc_motor.o ./flame_sensor.o ./gpio.o ./lcd.o ./ldr_sensor.o ./led.o ./lm35_sensor.o ./proj_main.o ./pwm.o   
Finished building target: Project_3.elf
 
Invoking: AVR Create Extended Listing
avr-objdump -h -S Project_3.elf  >"Project_3.lss"
Finished building: Project_3.lss
 
Invoking: Print Size
avr-size --format=avr --mcu=atmega32 Project_3.elf
AVR Memory Usage
----------------
Device: atmega32

Program:   10476 bytes (32.0% Full)
(.text + .data + .bootloader)

Data:        331 bytes (16.2% Full)
(.data + .bss + .noinit)


Finished building: sizedummy
 
15:39:13 **** Incremental Build of configuration Debug for project Project_3 ****
make all 
Building file: ../proj_main.c
Invoking: AVR Compiler
avr-gcc -Wall -g2 -gstabs -O0 -fpack-struct -fshort-enums -ffunction-sections -fdata-sections -std=gnu99 -funsigned-char -funsigned-bitfields -mmcu=atmega32 -DF_CPU=16000000UL -MMD -MP -MF"proj_main.d" -MT"proj_main.o" -c -o "proj_main.o" "../proj_main.c"
Finished building: ../proj_main.c
 
Building target: Project_3.elf
Invoking: AVR C Linker
avr-gcc -Wl,-Map,Project_3.map -mmcu=atmega32 -o "Project_3.elf"  ./adc.o ./buzzer.o ./dc_motor.o ./flame_sensor.o ./gpio.o ./lcd.o ./ldr_sensor.o ./led.o ./lm35_sensor.o ./proj_main.o ./pwm.o   
Finished building target: Project_3.elf
 
Invoking: AVR Create Extended Listing
avr-objdump -h -S Project_3.elf  >"Project_3.lss"
Finished building: Project_3.lss
 
Invoking: Print Size
avr-size --format=avr --mcu=atmega32 Project_3.elf
AVR Memory Usage
----------------
Device: atmega32

Program:   10476 bytes (32.0% Full)
(.text + .data + .bootloader)

Data:        331 bytes (16.2% Full)
(.data + .bss + .noinit)


Finished building: sizedummy
 
