15:39:13 **** Incremental Build of configuration Debug for project Project_3 ****
make all 
Building file: ../proj_main.c
Invoking: AVR Compiler
avr-gcc -Wall -g2 -gstabs -O0 -fpack-struct -fshort-enums -ffunction-sections -fdata-sections -std=gnu99 -funsigned-char -funsigned-bitfields -mmcu=atmega32 -DF_CPU=16000000UL -MMD -MP -MF"proj_main.d" -MT"proj_main.o" -c -o "proj_main.o" "../proj_main.c"
Finished building: ../proj_main.c
 
Building target: Project_3.elf
Invoking: AVR C Linker
avr-gcc -Wl,-Map,Project_3.map -mmcu=atmega32 -o "Project_3.elf"  ./adc.o ./buzzer.o ./dc_motor.o ./flame_sensor.o ./gpio.o ./lcd.o ./ldr_sensor.o ./led.o ./lm35_sensor.o ./proj_main.o ./pwm.o   
Finished building target: Project_3.elf
 
Invoking: AVR Create Extended Listing
avr-objdump -h -S Project_3.elf  >"Project_3.lss"
Finished building: Project_3.lss
 
Invoking: Print Size
avr-size --format=avr --mcu=atmega32 Project_3.elf
AVR Memory Usage
----------------
Device: atmega32

Program:   10476 bytes (32.0% Full)
(.text + .data + .bootloader)

Data:        331 bytes (16.2% Full)
(.data + .bss + .noinit)


Finished building: sizedummy
 

15:39:13 Build Finished. 0 errors, 0 warnings. (took 553ms)

